Info: Starting: Create block symbol file (.bsf)
Info: qsys-generate C:\Mac\Home\Documents\CQ\DIP_FPGA\BlinkLED2\FPGA\OSC.qsys --block-symbol-file --output-directory=C:\Mac\Home\Documents\CQ\DIP_FPGA\BlinkLED2\FPGA\OSC --family="MAX 10" --part=10M02DCV36C8G
Progress: Loading FPGA/OSC.qsys
Progress: Reading input file
Progress: Adding int_osc_0 [altera_int_osc 24.1]
Progress: Parameterizing module int_osc_0
Progress: Building connections
Progress: Parameterizing connections
Progress: Validating
Progress: Done reading input file
Info: qsys-generate succeeded.
Info: Finished: Create block symbol file (.bsf)
Info: 
Info: Starting: Create HDL design files for synthesis
Info: qsys-generate C:\Mac\Home\Documents\CQ\DIP_FPGA\BlinkLED2\FPGA\OSC.qsys --synthesis=VERILOG --output-directory=C:\Mac\Home\Documents\CQ\DIP_FPGA\BlinkLED2\FPGA\OSC\synthesis --family="MAX 10" --part=10M02DCV36C8G
Progress: Loading FPGA/OSC.qsys
Progress: Reading input file
Progress: Adding int_osc_0 [altera_int_osc 24.1]
Progress: Parameterizing module int_osc_0
Progress: Building connections
Progress: Parameterizing connections
Progress: Validating
Progress: Done reading input file
Info: OSC: Generating "OSC" for QUARTUS_SYNTH
Info: int_osc_0: Generating top-level entity altera_int_osc.
Info: int_osc_0: "OSC" instantiated altera_int_osc "int_osc_0"
Info: OSC: Done "OSC" with 2 modules, 3 files
Info: qsys-generate succeeded.
Info: Finished: Create HDL design files for synthesis
