Analysis & Synthesis report for FPGA_TOP
Fri Dec 26 00:03:21 2025
Quartus Prime Version 24.1std.0 Build 1077 03/04/2025 SC Lite Edition


---------------------
; Table of Contents ;
---------------------
  1. Legal Notice
  2. Analysis & Synthesis Summary
  3. Analysis & Synthesis Settings
  4. Parallel Compilation
  5. Analysis & Synthesis Source Files Read
  6. Analysis & Synthesis Resource Usage Summary
  7. Analysis & Synthesis Resource Utilization by Entity
  8. Analysis & Synthesis IP Cores Summary
  9. General Register Statistics
 10. Multiplexer Restructuring Statistics (Restructuring Performed)
 11. Parameter Settings for User Entity Instance: OSC:U_OSC|altera_int_osc:int_osc_0
 12. Port Connectivity Checks: "MCS4_CPU:U_MCS4_CPU"
 13. Port Connectivity Checks: "OSC:U_OSC"
 14. Post-Synthesis Netlist Statistics for Top Partition
 15. Elapsed Time Per Partition
 16. Analysis & Synthesis Messages
 17. Analysis & Synthesis Suppressed Messages



----------------
; Legal Notice ;
----------------
Copyright (C) 2025  Altera Corporation. All rights reserved.
Your use of Altera Corporation's design tools, logic functions 
and other software and tools, and any partner logic 
functions, and any output files from any of the foregoing 
(including device programming or simulation files), and any 
associated documentation or information are expressly subject 
to the terms and conditions of the Altera Program License 
Subscription Agreement, the Altera Quartus Prime License Agreement,
the Altera IP License Agreement, or other applicable license
agreement, including, without limitation, that your use is for
the sole purpose of programming logic devices manufactured by
Altera and sold by Altera or its authorized distributors.  Please
refer to the Altera Software License Subscription Agreements 
on the Quartus Prime software download page.



+--------------------------------------------------------------------------------------+
; Analysis & Synthesis Summary                                                         ;
+------------------------------------+-------------------------------------------------+
; Analysis & Synthesis Status        ; Successful - Fri Dec 26 00:03:21 2025           ;
; Quartus Prime Version              ; 24.1std.0 Build 1077 03/04/2025 SC Lite Edition ;
; Revision Name                      ; FPGA_TOP                                        ;
; Top-level Entity Name              ; FPGA_TOP                                        ;
; Family                             ; MAX 10                                          ;
; Total logic elements               ; 542                                             ;
;     Total combinational functions  ; 423                                             ;
;     Dedicated logic registers      ; 158                                             ;
; Total registers                    ; 158                                             ;
; Total pins                         ; 14                                              ;
; Total virtual pins                 ; 0                                               ;
; Total memory bits                  ; 0                                               ;
; Embedded Multiplier 9-bit elements ; 0                                               ;
; Total PLLs                         ; 0                                               ;
; UFM blocks                         ; 0                                               ;
; ADC blocks                         ; 0                                               ;
+------------------------------------+-------------------------------------------------+


+------------------------------------------------------------------------------------------------------------+
; Analysis & Synthesis Settings                                                                              ;
+------------------------------------------------------------------+--------------------+--------------------+
; Option                                                           ; Setting            ; Default Value      ;
+------------------------------------------------------------------+--------------------+--------------------+
; Device                                                           ; 10M02DCV36C8G      ;                    ;
; Top-level entity name                                            ; FPGA_TOP           ; FPGA_TOP           ;
; Family name                                                      ; MAX 10             ; Cyclone V          ;
; Use smart compilation                                            ; Off                ; Off                ;
; Enable parallel Assembler and Timing Analyzer during compilation ; On                 ; On                 ;
; Enable compact report table                                      ; Off                ; Off                ;
; Restructure Multiplexers                                         ; Auto               ; Auto               ;
; Create Debugging Nodes for IP Cores                              ; Off                ; Off                ;
; Preserve fewer node names                                        ; On                 ; On                 ;
; Intel FPGA IP Evaluation Mode                                    ; Enable             ; Enable             ;
; Verilog Version                                                  ; Verilog_2001       ; Verilog_2001       ;
; VHDL Version                                                     ; VHDL_1993          ; VHDL_1993          ;
; State Machine Processing                                         ; Auto               ; Auto               ;
; Safe State Machine                                               ; Off                ; Off                ;
; Extract Verilog State Machines                                   ; On                 ; On                 ;
; Extract VHDL State Machines                                      ; On                 ; On                 ;
; Ignore Verilog initial constructs                                ; Off                ; Off                ;
; Iteration limit for constant Verilog loops                       ; 5000               ; 5000               ;
; Iteration limit for non-constant Verilog loops                   ; 250                ; 250                ;
; Add Pass-Through Logic to Inferred RAMs                          ; On                 ; On                 ;
; Infer RAMs from Raw Logic                                        ; On                 ; On                 ;
; Parallel Synthesis                                               ; On                 ; On                 ;
; DSP Block Balancing                                              ; Auto               ; Auto               ;
; NOT Gate Push-Back                                               ; On                 ; On                 ;
; Power-Up Don't Care                                              ; On                 ; On                 ;
; Remove Redundant Logic Cells                                     ; Off                ; Off                ;
; Remove Duplicate Registers                                       ; On                 ; On                 ;
; Ignore CARRY Buffers                                             ; Off                ; Off                ;
; Ignore CASCADE Buffers                                           ; Off                ; Off                ;
; Ignore GLOBAL Buffers                                            ; Off                ; Off                ;
; Ignore ROW GLOBAL Buffers                                        ; Off                ; Off                ;
; Ignore LCELL Buffers                                             ; Off                ; Off                ;
; Ignore SOFT Buffers                                              ; On                 ; On                 ;
; Limit AHDL Integers to 32 Bits                                   ; Off                ; Off                ;
; Optimization Technique                                           ; Balanced           ; Balanced           ;
; Carry Chain Length                                               ; 70                 ; 70                 ;
; Auto Carry Chains                                                ; On                 ; On                 ;
; Auto Open-Drain Pins                                             ; On                 ; On                 ;
; Perform WYSIWYG Primitive Resynthesis                            ; Off                ; Off                ;
; Auto ROM Replacement                                             ; On                 ; On                 ;
; Auto RAM Replacement                                             ; On                 ; On                 ;
; Auto DSP Block Replacement                                       ; On                 ; On                 ;
; Auto Shift Register Replacement                                  ; Auto               ; Auto               ;
; Allow Shift Register Merging across Hierarchies                  ; Auto               ; Auto               ;
; Auto Clock Enable Replacement                                    ; On                 ; On                 ;
; Strict RAM Replacement                                           ; Off                ; Off                ;
; Allow Synchronous Control Signals                                ; On                 ; On                 ;
; Force Use of Synchronous Clear Signals                           ; Off                ; Off                ;
; Auto RAM Block Balancing                                         ; On                 ; On                 ;
; Auto RAM to Logic Cell Conversion                                ; Off                ; Off                ;
; Auto Resource Sharing                                            ; Off                ; Off                ;
; Allow Any RAM Size For Recognition                               ; Off                ; Off                ;
; Allow Any ROM Size For Recognition                               ; Off                ; Off                ;
; Allow Any Shift Register Size For Recognition                    ; Off                ; Off                ;
; Use LogicLock Constraints during Resource Balancing              ; On                 ; On                 ;
; Ignore translate_off and synthesis_off directives                ; Off                ; Off                ;
; Timing-Driven Synthesis                                          ; On                 ; On                 ;
; Report Parameter Settings                                        ; On                 ; On                 ;
; Report Source Assignments                                        ; On                 ; On                 ;
; Report Connectivity Checks                                       ; On                 ; On                 ;
; Ignore Maximum Fan-Out Assignments                               ; Off                ; Off                ;
; Synchronization Register Chain Length                            ; 2                  ; 2                  ;
; Power Optimization During Synthesis                              ; Normal compilation ; Normal compilation ;
; HDL message level                                                ; Level2             ; Level2             ;
; Suppress Register Optimization Related Messages                  ; Off                ; Off                ;
; Number of Removed Registers Reported in Synthesis Report         ; 5000               ; 5000               ;
; Number of Swept Nodes Reported in Synthesis Report               ; 5000               ; 5000               ;
; Number of Inverted Registers Reported in Synthesis Report        ; 100                ; 100                ;
; Clock MUX Protection                                             ; On                 ; On                 ;
; Auto Gated Clock Conversion                                      ; Off                ; Off                ;
; Block Design Naming                                              ; Auto               ; Auto               ;
; SDC constraint protection                                        ; Off                ; Off                ;
; Synthesis Effort                                                 ; Auto               ; Auto               ;
; Shift Register Replacement - Allow Asynchronous Clear Signal     ; On                 ; On                 ;
; Pre-Mapping Resynthesis Optimization                             ; Off                ; Off                ;
; Analysis & Synthesis Message Level                               ; Medium             ; Medium             ;
; Disable Register Merging Across Hierarchies                      ; Auto               ; Auto               ;
; Resource Aware Inference For Block RAM                           ; On                 ; On                 ;
+------------------------------------------------------------------+--------------------+--------------------+


+------------------------------------------+
; Parallel Compilation                     ;
+----------------------------+-------------+
; Processors                 ; Number      ;
+----------------------------+-------------+
; Number detected on machine ; 4           ;
; Maximum allowed            ; 4           ;
;                            ;             ;
; Average used               ; 1.00        ;
; Maximum used               ; 4           ;
;                            ;             ;
; Usage by Processor         ; % Time Used ;
;     Processor 1            ; 100.0%      ;
;     Processors 2-4         ;   0.0%      ;
+----------------------------+-------------+


+----------------------------------------------------------------------------------------------------------------------------------------------------------------------------------------------------------------------------------------------+
; Analysis & Synthesis Source Files Read                                                                                                                                                                                                       ;
+-----------------------------------------------------------------------------------------+-----------------+------------------------------+-----------------------------------------------------------------------------------------+---------+
; File Name with User-Entered Path                                                        ; Used in Netlist ; File Type                    ; File Name with Absolute Path                                                            ; Library ;
+-----------------------------------------------------------------------------------------+-----------------+------------------------------+-----------------------------------------------------------------------------------------+---------+
; ../RTL/fpga_top.v                                                                       ; yes             ; User Verilog HDL File        ; C:/Mac/Home/Documents/CQ/DIP_FPGA/DIP16_4004/RTL/fpga_top.v                             ;         ;
; ../RTL/mcs4_cpu.v                                                                       ; yes             ; User Verilog HDL File        ; C:/Mac/Home/Documents/CQ/DIP_FPGA/DIP16_4004/RTL/mcs4_cpu.v                             ;         ;
; PLL.v                                                                                   ; yes             ; User Wizard-Generated File   ; C:/Mac/Home/Documents/CQ/DIP_FPGA/DIP16_4004/FPGA/PLL.v                                 ;         ;
; c:/mac/home/documents/cq/dip_fpga/dip16_4004/fpga/db/ip/osc/osc.v                       ; yes             ; Auto-Found Verilog HDL File  ; c:/mac/home/documents/cq/dip_fpga/dip16_4004/fpga/db/ip/osc/osc.v                       ; OSC     ;
; c:/mac/home/documents/cq/dip_fpga/dip16_4004/fpga/db/ip/osc/submodules/altera_int_osc.v ; yes             ; Auto-Found Verilog HDL File  ; c:/mac/home/documents/cq/dip_fpga/dip16_4004/fpga/db/ip/osc/submodules/altera_int_osc.v ; OSC     ;
+-----------------------------------------------------------------------------------------+-----------------+------------------------------+-----------------------------------------------------------------------------------------+---------+


+-----------------------------------------------------------+
; Analysis & Synthesis Resource Usage Summary               ;
+---------------------------------------------+-------------+
; Resource                                    ; Usage       ;
+---------------------------------------------+-------------+
; Estimated Total logic elements              ; 542         ;
;                                             ;             ;
; Total combinational functions               ; 423         ;
; Logic element usage by number of LUT inputs ;             ;
;     -- 4 input functions                    ; 284         ;
;     -- 3 input functions                    ; 79          ;
;     -- <=2 input functions                  ; 60          ;
;                                             ;             ;
; Logic elements by mode                      ;             ;
;     -- normal mode                          ; 402         ;
;     -- arithmetic mode                      ; 21          ;
;                                             ;             ;
; Total registers                             ; 158         ;
;     -- Dedicated logic registers            ; 158         ;
;     -- I/O registers                        ; 0           ;
;                                             ;             ;
; I/O pins                                    ; 14          ;
;                                             ;             ;
; Embedded Multiplier 9-bit elements          ; 0           ;
;                                             ;             ;
; Maximum fan-out node                        ; RES_N~input ;
; Maximum fan-out                             ; 158         ;
; Total fan-out                               ; 2134        ;
; Average fan-out                             ; 3.48        ;
+---------------------------------------------+-------------+


+----------------------------------------------------------------------------------------------------------------------------------------------------------------------------------------------------------------------------------------------------------------------+
; Analysis & Synthesis Resource Utilization by Entity                                                                                                                                                                                                                  ;
+----------------------------------+---------------------+---------------------------+-------------+------------+--------------+---------+-----------+------+--------------+------------+----------------------------------------------+----------------+--------------+
; Compilation Hierarchy Node       ; Combinational ALUTs ; Dedicated Logic Registers ; Memory Bits ; UFM Blocks ; DSP Elements ; DSP 9x9 ; DSP 18x18 ; Pins ; Virtual Pins ; ADC blocks ; Full Hierarchy Name                          ; Entity Name    ; Library Name ;
+----------------------------------+---------------------+---------------------------+-------------+------------+--------------+---------+-----------+------+--------------+------------+----------------------------------------------+----------------+--------------+
; |FPGA_TOP                        ; 423 (15)            ; 158 (2)                   ; 0           ; 0          ; 0            ; 0       ; 0         ; 14   ; 0            ; 0          ; |FPGA_TOP                                    ; FPGA_TOP       ; work         ;
;    |MCS4_CPU:U_MCS4_CPU|         ; 408 (408)           ; 156 (156)                 ; 0           ; 0          ; 0            ; 0       ; 0         ; 0    ; 0            ; 0          ; |FPGA_TOP|MCS4_CPU:U_MCS4_CPU                ; MCS4_CPU       ; work         ;
;    |OSC:U_OSC|                   ; 0 (0)               ; 0 (0)                     ; 0           ; 0          ; 0            ; 0       ; 0         ; 0    ; 0            ; 0          ; |FPGA_TOP|OSC:U_OSC                          ; OSC            ; OSC          ;
;       |altera_int_osc:int_osc_0| ; 0 (0)               ; 0 (0)                     ; 0           ; 0          ; 0            ; 0       ; 0         ; 0    ; 0            ; 0          ; |FPGA_TOP|OSC:U_OSC|altera_int_osc:int_osc_0 ; altera_int_osc ; OSC          ;
+----------------------------------+---------------------+---------------------------+-------------+------------+--------------+---------+-----------+------+--------------+------------+----------------------------------------------+----------------+--------------+
Note: For table entries with two numbers listed, the numbers in parentheses indicate the number of resources of the given type used by the specific entity alone. The numbers listed outside of parentheses indicate the total resources of the given type used by the specific entity and all of its sub-entities in the hierarchy.


+----------------------------------------------------------------------------------------------------------------------------------------------------+
; Analysis & Synthesis IP Cores Summary                                                                                                              ;
+--------+----------------+---------+--------------+--------------+---------------------+------------------------------------------------------------+
; Vendor ; IP Core Name   ; Version ; Release Date ; License Type ; Entity Instance     ; IP Include File                                            ;
+--------+----------------+---------+--------------+--------------+---------------------+------------------------------------------------------------+
; N/A    ; altera_int_osc ; 24.1    ; N/A          ; N/A          ; |FPGA_TOP|OSC:U_OSC ; C:/Mac/Home/Documents/CQ/DIP_FPGA/DIP16_4004/FPGA/OSC.qsys ;
+--------+----------------+---------+--------------+--------------+---------------------+------------------------------------------------------------+


+------------------------------------------------------+
; General Register Statistics                          ;
+----------------------------------------------+-------+
; Statistic                                    ; Value ;
+----------------------------------------------+-------+
; Total registers                              ; 158   ;
; Number of registers using Synchronous Clear  ; 0     ;
; Number of registers using Synchronous Load   ; 1     ;
; Number of registers using Asynchronous Clear ; 158   ;
; Number of registers using Asynchronous Load  ; 0     ;
; Number of registers using Clock Enable       ; 145   ;
; Number of registers using Preset             ; 0     ;
+----------------------------------------------+-------+


+----------------------------------------------------------------------------------------------------------------------------------------------------------------+
; Multiplexer Restructuring Statistics (Restructuring Performed)                                                                                                 ;
+--------------------+-----------+---------------+----------------------+------------------------+------------+--------------------------------------------------+
; Multiplexer Inputs ; Bus Width ; Baseline Area ; Area if Restructured ; Saving if Restructured ; Registered ; Example Multiplexer Output                       ;
+--------------------+-----------+---------------+----------------------+------------------------+------------+--------------------------------------------------+
; 3:1                ; 4 bits    ; 8 LEs         ; 4 LEs                ; 4 LEs                  ; Yes        ; |FPGA_TOP|MCS4_CPU:U_MCS4_CPU|acc[3]             ;
; 4:1                ; 12 bits   ; 24 LEs        ; 24 LEs               ; 0 LEs                  ; No         ; |FPGA_TOP|MCS4_CPU:U_MCS4_CPU|Mux9               ;
; 3:1                ; 4 bits    ; 8 LEs         ; 8 LEs                ; 0 LEs                  ; No         ; |FPGA_TOP|MCS4_CPU:U_MCS4_CPU|data_o_src[2]      ;
; 3:1                ; 8 bits    ; 16 LEs        ; 8 LEs                ; 8 LEs                  ; No         ; |FPGA_TOP|MCS4_CPU:U_MCS4_CPU|r                  ;
; 3:1                ; 4 bits    ; 8 LEs         ; 8 LEs                ; 0 LEs                  ; No         ; |FPGA_TOP|MCS4_CPU:U_MCS4_CPU|r                  ;
; 3:1                ; 4 bits    ; 8 LEs         ; 8 LEs                ; 0 LEs                  ; No         ; |FPGA_TOP|MCS4_CPU:U_MCS4_CPU|r                  ;
; 3:1                ; 8 bits    ; 16 LEs        ; 16 LEs               ; 0 LEs                  ; No         ; |FPGA_TOP|MCS4_CPU:U_MCS4_CPU|r                  ;
; 8:1                ; 4 bits    ; 20 LEs        ; 8 LEs                ; 12 LEs                 ; No         ; |FPGA_TOP|MCS4_CPU:U_MCS4_CPU|Mux13              ;
; 4:1                ; 4 bits    ; 8 LEs         ; 8 LEs                ; 0 LEs                  ; No         ; |FPGA_TOP|MCS4_CPU:U_MCS4_CPU|pc_next[9]         ;
; 4:1                ; 8 bits    ; 16 LEs        ; 16 LEs               ; 0 LEs                  ; No         ; |FPGA_TOP|MCS4_CPU:U_MCS4_CPU|pc_next[6]         ;
; 8:1                ; 4 bits    ; 20 LEs        ; 8 LEs                ; 12 LEs                 ; No         ; |FPGA_TOP|MCS4_CPU:U_MCS4_CPU|Mux16              ;
; 7:1                ; 4 bits    ; 16 LEs        ; 16 LEs               ; 0 LEs                  ; No         ; |FPGA_TOP|MCS4_CPU:U_MCS4_CPU|data_o_rom_addr[3] ;
; 8:1                ; 8 bits    ; 40 LEs        ; 40 LEs               ; 0 LEs                  ; No         ; |FPGA_TOP|MCS4_CPU:U_MCS4_CPU|Mux21              ;
; 20:1               ; 3 bits    ; 39 LEs        ; 12 LEs               ; 27 LEs                 ; No         ; |FPGA_TOP|MCS4_CPU:U_MCS4_CPU|Selector2          ;
+--------------------+-----------+---------------+----------------------+------------------------+------------+--------------------------------------------------+


+---------------------------------------------------------------------------------+
; Parameter Settings for User Entity Instance: OSC:U_OSC|altera_int_osc:int_osc_0 ;
+-----------------+--------+------------------------------------------------------+
; Parameter Name  ; Value  ; Type                                                 ;
+-----------------+--------+------------------------------------------------------+
; DEVICE_FAMILY   ; MAX 10 ; String                                               ;
; DEVICE_ID       ; 02     ; String                                               ;
; CLOCK_FREQUENCY ; 55     ; String                                               ;
+-----------------+--------+------------------------------------------------------+
Note: In order to hide this table in the UI and the text report file, please set the "Show Parameter Settings in Synthesis Report" option in "Analysis and Synthesis Settings -> More Settings" to "Off".


+-------------------------------------------------------------------------------------------------------------------------------------+
; Port Connectivity Checks: "MCS4_CPU:U_MCS4_CPU"                                                                                     ;
+------+--------+----------+----------------------------------------------------------------------------------------------------------+
; Port ; Type   ; Severity ; Details                                                                                                  ;
+------+--------+----------+----------------------------------------------------------------------------------------------------------+
; PC   ; Output ; Warning  ; Declared by entity but not connected by instance. Logic that only feeds a dangling port will be removed. ;
+------+--------+----------+----------------------------------------------------------------------------------------------------------+


+------------------------------------------+
; Port Connectivity Checks: "OSC:U_OSC"    ;
+--------+-------+----------+--------------+
; Port   ; Type  ; Severity ; Details      ;
+--------+-------+----------+--------------+
; oscena ; Input ; Info     ; Stuck at VCC ;
+--------+-------+----------+--------------+


+-----------------------------------------------------+
; Post-Synthesis Netlist Statistics for Top Partition ;
+------------------------+----------------------------+
; Type                   ; Count                      ;
+------------------------+----------------------------+
; boundary_port          ; 14                         ;
; cycloneiii_ff          ; 158                        ;
;     CLR                ; 13                         ;
;     ENA CLR            ; 144                        ;
;     ENA CLR SLD        ; 1                          ;
; cycloneiii_io_obuf     ; 4                          ;
; cycloneiii_lcell_comb  ; 429                        ;
;     arith              ; 21                         ;
;         2 data inputs  ; 13                         ;
;         3 data inputs  ; 8                          ;
;     normal             ; 408                        ;
;         0 data inputs  ; 3                          ;
;         1 data inputs  ; 10                         ;
;         2 data inputs  ; 40                         ;
;         3 data inputs  ; 71                         ;
;         4 data inputs  ; 284                        ;
; fiftyfivenm_oscillator ; 1                          ;
;                        ;                            ;
; Max LUT depth          ; 14.40                      ;
; Average LUT depth      ; 9.44                       ;
+------------------------+----------------------------+


+-------------------------------+
; Elapsed Time Per Partition    ;
+----------------+--------------+
; Partition Name ; Elapsed Time ;
+----------------+--------------+
; Top            ; 00:00:02     ;
+----------------+--------------+


+-------------------------------+
; Analysis & Synthesis Messages ;
+-------------------------------+
Info: *******************************************************************
Info: Running Quartus Prime Analysis & Synthesis
    Info: Version 24.1std.0 Build 1077 03/04/2025 SC Lite Edition
    Info: Processing started: Fri Dec 26 00:02:43 2025
Info: Command: quartus_map --read_settings_files=on --write_settings_files=off FPGA -c FPGA_TOP
Warning (18236): Number of processors has not been specified which may cause overloading on shared machines.  Set the global assignment NUM_PARALLEL_PROCESSORS in your QSF to an appropriate value for best performance.
Info (20030): Parallel compilation is enabled and will use 4 of the 4 processors detected
Info (12248): Elaborating Platform Designer system entity "OSC.qsys"
Info (12250): 2025.12.26.00:03:04 Progress: Loading FPGA/OSC.qsys
Info (12250): 2025.12.26.00:03:04 Progress: Reading input file
Info (12250): 2025.12.26.00:03:05 Progress: Adding int_osc_0 [altera_int_osc 24.1]
Info (12250): 2025.12.26.00:03:06 Progress: Parameterizing module int_osc_0
Info (12250): 2025.12.26.00:03:06 Progress: Building connections
Info (12250): 2025.12.26.00:03:06 Progress: Parameterizing connections
Info (12250): 2025.12.26.00:03:06 Progress: Validating
Info (12250): 2025.12.26.00:03:06 Progress: Done reading input file
Info (12250): OSC: Generating "OSC" for QUARTUS_SYNTH
Info (12250): Int_osc_0: Generating top-level entity altera_int_osc.
Info (12250): Int_osc_0: "OSC" instantiated altera_int_osc "int_osc_0"
Info (12250): OSC: Done "OSC" with 2 modules, 3 files
Info (12249): Finished elaborating Platform Designer system entity "OSC.qsys"
Info (12248): Elaborating Platform Designer system entity "CLKCTRL.qsys"
Info (12250): 2025.12.26.00:03:14 Progress: Loading FPGA/CLKCTRL.qsys
Info (12250): 2025.12.26.00:03:15 Progress: Reading input file
Info (12250): 2025.12.26.00:03:15 Progress: Adding altclkctrl_0 [altclkctrl 24.1]
Info (12250): 2025.12.26.00:03:15 Progress: Parameterizing module altclkctrl_0
Info (12250): 2025.12.26.00:03:15 Progress: Building connections
Info (12250): 2025.12.26.00:03:15 Progress: Parameterizing connections
Info (12250): 2025.12.26.00:03:15 Progress: Validating
Info (12250): 2025.12.26.00:03:16 Progress: Done reading input file
Info (12250): 2025.12.26.00:03:17 : CLKCTRL.altclkctrl_0: Targeting device family: MAX 10.
Info (12250): CLKCTRL: Generating "CLKCTRL" for QUARTUS_SYNTH
Info (12250): Altclkctrl_0: Generating top-level entity CLKCTRL_altclkctrl_0.
Info (12250): Altclkctrl_0: "CLKCTRL" instantiated altclkctrl "altclkctrl_0"
Info (12250): CLKCTRL: Done "CLKCTRL" with 2 modules, 2 files
Info (12249): Finished elaborating Platform Designer system entity "CLKCTRL.qsys"
Info (12021): Found 1 design units, including 1 entities, in source file /mac/home/documents/cq/dip_fpga/dip16_4004/rtl/fpga_top.v
    Info (12023): Found entity 1: FPGA_TOP File: C:/Mac/Home/Documents/CQ/DIP_FPGA/DIP16_4004/RTL/fpga_top.v Line: 34
Info (12021): Found 1 design units, including 1 entities, in source file /mac/home/documents/cq/dip_fpga/dip16_4004/rtl/mcs4_cpu.v
    Info (12023): Found entity 1: MCS4_CPU File: C:/Mac/Home/Documents/CQ/DIP_FPGA/DIP16_4004/RTL/mcs4_cpu.v Line: 30
Info (12021): Found 1 design units, including 1 entities, in source file pll.v
    Info (12023): Found entity 1: PLL File: C:/Mac/Home/Documents/CQ/DIP_FPGA/DIP16_4004/FPGA/PLL.v Line: 40
Info (12021): Found 1 design units, including 1 entities, in source file db/ip/osc/osc.v
    Info (12023): Found entity 1: OSC File: C:/Mac/Home/Documents/CQ/DIP_FPGA/DIP16_4004/FPGA/db/ip/osc/osc.v Line: 6
Info (12021): Found 1 design units, including 1 entities, in source file db/ip/osc/submodules/altera_int_osc.v
    Info (12023): Found entity 1: altera_int_osc File: C:/Mac/Home/Documents/CQ/DIP_FPGA/DIP16_4004/FPGA/db/ip/osc/submodules/altera_int_osc.v Line: 38
Info (12021): Found 1 design units, including 1 entities, in source file db/ip/clkctrl/clkctrl.v
    Info (12023): Found entity 1: CLKCTRL File: C:/Mac/Home/Documents/CQ/DIP_FPGA/DIP16_4004/FPGA/db/ip/clkctrl/clkctrl.v Line: 6
Info (12021): Found 2 design units, including 2 entities, in source file db/ip/clkctrl/submodules/clkctrl_altclkctrl_0.v
    Info (12023): Found entity 1: CLKCTRL_altclkctrl_0_sub File: C:/Mac/Home/Documents/CQ/DIP_FPGA/DIP16_4004/FPGA/db/ip/clkctrl/submodules/clkctrl_altclkctrl_0.v Line: 29
    Info (12023): Found entity 2: CLKCTRL_altclkctrl_0 File: C:/Mac/Home/Documents/CQ/DIP_FPGA/DIP16_4004/FPGA/db/ip/clkctrl/submodules/clkctrl_altclkctrl_0.v Line: 94
Info (12127): Elaborating entity "FPGA_TOP" for the top level hierarchy
Info (12128): Elaborating entity "OSC" for hierarchy "OSC:U_OSC" File: C:/Mac/Home/Documents/CQ/DIP_FPGA/DIP16_4004/RTL/fpga_top.v Line: 61
Info (12128): Elaborating entity "altera_int_osc" for hierarchy "OSC:U_OSC|altera_int_osc:int_osc_0" File: C:/Mac/Home/Documents/CQ/DIP_FPGA/DIP16_4004/FPGA/db/ip/osc/osc.v Line: 18
Info (12128): Elaborating entity "MCS4_CPU" for hierarchy "MCS4_CPU:U_MCS4_CPU" File: C:/Mac/Home/Documents/CQ/DIP_FPGA/DIP16_4004/RTL/fpga_top.v Line: 119
Warning (10935): Verilog HDL Casex/Casez warning at mcs4_cpu.v(217): casex/casez item expression overlaps with a previous casex/casez item expression File: C:/Mac/Home/Documents/CQ/DIP_FPGA/DIP16_4004/RTL/mcs4_cpu.v Line: 217
Warning (10935): Verilog HDL Casex/Casez warning at mcs4_cpu.v(218): casex/casez item expression overlaps with a previous casex/casez item expression File: C:/Mac/Home/Documents/CQ/DIP_FPGA/DIP16_4004/RTL/mcs4_cpu.v Line: 218
Warning (10935): Verilog HDL Casex/Casez warning at mcs4_cpu.v(227): casex/casez item expression overlaps with a previous casex/casez item expression File: C:/Mac/Home/Documents/CQ/DIP_FPGA/DIP16_4004/RTL/mcs4_cpu.v Line: 227
Warning (10935): Verilog HDL Casex/Casez warning at mcs4_cpu.v(228): casex/casez item expression overlaps with a previous casex/casez item expression File: C:/Mac/Home/Documents/CQ/DIP_FPGA/DIP16_4004/RTL/mcs4_cpu.v Line: 228
Warning (10935): Verilog HDL Casex/Casez warning at mcs4_cpu.v(237): casex/casez item expression overlaps with a previous casex/casez item expression File: C:/Mac/Home/Documents/CQ/DIP_FPGA/DIP16_4004/RTL/mcs4_cpu.v Line: 237
Warning (10935): Verilog HDL Casex/Casez warning at mcs4_cpu.v(246): casex/casez item expression overlaps with a previous casex/casez item expression File: C:/Mac/Home/Documents/CQ/DIP_FPGA/DIP16_4004/RTL/mcs4_cpu.v Line: 246
Warning (10935): Verilog HDL Casex/Casez warning at mcs4_cpu.v(247): casex/casez item expression overlaps with a previous casex/casez item expression File: C:/Mac/Home/Documents/CQ/DIP_FPGA/DIP16_4004/RTL/mcs4_cpu.v Line: 247
Warning (10935): Verilog HDL Casex/Casez warning at mcs4_cpu.v(248): casex/casez item expression overlaps with a previous casex/casez item expression File: C:/Mac/Home/Documents/CQ/DIP_FPGA/DIP16_4004/RTL/mcs4_cpu.v Line: 248
Warning (10935): Verilog HDL Casex/Casez warning at mcs4_cpu.v(249): casex/casez item expression overlaps with a previous casex/casez item expression File: C:/Mac/Home/Documents/CQ/DIP_FPGA/DIP16_4004/RTL/mcs4_cpu.v Line: 249
Warning (10935): Verilog HDL Casex/Casez warning at mcs4_cpu.v(250): casex/casez item expression overlaps with a previous casex/casez item expression File: C:/Mac/Home/Documents/CQ/DIP_FPGA/DIP16_4004/RTL/mcs4_cpu.v Line: 250
Warning (10935): Verilog HDL Casex/Casez warning at mcs4_cpu.v(251): casex/casez item expression overlaps with a previous casex/casez item expression File: C:/Mac/Home/Documents/CQ/DIP_FPGA/DIP16_4004/RTL/mcs4_cpu.v Line: 251
Warning (10240): Verilog HDL Always Construct warning at mcs4_cpu.v(328): inferring latch(es) for variable "i", which holds its previous value in one or more paths through the always construct File: C:/Mac/Home/Documents/CQ/DIP_FPGA/DIP16_4004/RTL/mcs4_cpu.v Line: 328
Warning (12241): 1 hierarchies have connectivity warnings - see the Connectivity Checks report folder
Info (286030): Timing-Driven Synthesis is running
Warning (20013): Ignored 16 assignments for entity "CLKCTRL" -- entity does not exist in design
Warning (20013): Ignored 14 assignments for entity "CLKCTRL_altclkctrl_0" -- entity does not exist in design
Info (144001): Generated suppressed messages file C:/Mac/Home/Documents/CQ/DIP_FPGA/DIP16_4004/FPGA/output_files/FPGA_TOP.map.smsg
Info (16010): Generating hard_block partition "hard_block:auto_generated_inst"
    Info (16011): Adding 0 node(s), including 0 DDIO, 0 PLL, 0 transceiver and 0 LCELL
Info (21057): Implemented 587 device resources after synthesis - the final resource count might be different
    Info (21058): Implemented 3 input pins
    Info (21059): Implemented 7 output pins
    Info (21060): Implemented 4 bidirectional pins
    Info (21061): Implemented 572 logic cells
Info: Quartus Prime Analysis & Synthesis was successful. 0 errors, 16 warnings
    Info: Peak virtual memory: 13232 megabytes
    Info: Processing ended: Fri Dec 26 00:03:21 2025
    Info: Elapsed time: 00:00:38
    Info: Total CPU time (on all processors): 00:01:11


+------------------------------------------+
; Analysis & Synthesis Suppressed Messages ;
+------------------------------------------+
The suppressed messages can be found in C:/Mac/Home/Documents/CQ/DIP_FPGA/DIP16_4004/FPGA/output_files/FPGA_TOP.map.smsg.


