Fitter report for FPGA
Sat Dec 27 22:44:41 2025
Quartus Prime Version 24.1std.0 Build 1077 03/04/2025 SC Lite Edition


---------------------
; Table of Contents ;
---------------------
  1. Legal Notice
  2. Fitter Summary
  3. Fitter Settings
  4. Parallel Compilation
  5. Fitter Netlist Optimizations
  6. Incremental Compilation Preservation Summary
  7. Incremental Compilation Partition Settings
  8. Incremental Compilation Placement Preservation
  9. Pin-Out File
 10. Fitter Resource Usage Summary
 11. Fitter Partition Statistics
 12. Input Pins
 13. Output Pins
 14. Bidir Pins
 15. Dual Purpose and Dedicated Pins
 16. I/O Bank Usage
 17. All Package Pins
 18. I/O Assignment Warnings
 19. Fitter Resource Utilization by Entity
 20. Delay Chain Summary
 21. Pad To Core Delay Chain Fanout
 22. Control Signals
 23. Global & Other Fast Signals
 24. Routing Usage Summary
 25. LAB Logic Elements
 26. LAB-wide Signals
 27. LAB Signals Sourced
 28. LAB Signals Sourced Out
 29. LAB Distinct Inputs
 30. I/O Rules Summary
 31. I/O Rules Details
 32. I/O Rules Matrix
 33. Fitter Device Options
 34. Operating Settings and Conditions
 35. Fitter Messages
 36. Fitter Suppressed Messages



----------------
; Legal Notice ;
----------------
Copyright (C) 2025  Altera Corporation. All rights reserved.
Your use of Altera Corporation's design tools, logic functions 
and other software and tools, and any partner logic 
functions, and any output files from any of the foregoing 
(including device programming or simulation files), and any 
associated documentation or information are expressly subject 
to the terms and conditions of the Altera Program License 
Subscription Agreement, the Altera Quartus Prime License Agreement,
the Altera IP License Agreement, or other applicable license
agreement, including, without limitation, that your use is for
the sole purpose of programming logic devices manufactured by
Altera and sold by Altera or its authorized distributors.  Please
refer to the Altera Software License Subscription Agreements 
on the Quartus Prime software download page.



+--------------------------------------------------------------------------------------+
; Fitter Summary                                                                       ;
+------------------------------------+-------------------------------------------------+
; Fitter Status                      ; Successful - Sat Dec 27 22:44:41 2025           ;
; Quartus Prime Version              ; 24.1std.0 Build 1077 03/04/2025 SC Lite Edition ;
; Revision Name                      ; FPGA                                            ;
; Top-level Entity Name              ; FPGA                                            ;
; Family                             ; MAX 10                                          ;
; Device                             ; 10M02DCV36C8G                                   ;
; Timing Models                      ; Final                                           ;
; Total logic elements               ; 80 / 2,304 ( 3 % )                              ;
;     Total combinational functions  ; 79 / 2,304 ( 3 % )                              ;
;     Dedicated logic registers      ; 50 / 2,304 ( 2 % )                              ;
; Total registers                    ; 51                                              ;
; Total pins                         ; 4 / 27 ( 15 % )                                 ;
; Total virtual pins                 ; 0                                               ;
; Total memory bits                  ; 0 / 110,592 ( 0 % )                             ;
; Embedded Multiplier 9-bit elements ; 0 / 32 ( 0 % )                                  ;
; Total PLLs                         ; 0 / 1 ( 0 % )                                   ;
; UFM blocks                         ; 0 / 1 ( 0 % )                                   ;
; ADC blocks                         ; 0                                               ;
+------------------------------------+-------------------------------------------------+


+----------------------------------------------------------------------------------------------------------------------------------------------------+
; Fitter Settings                                                                                                                                    ;
+--------------------------------------------------------------------+---------------------------------------+---------------------------------------+
; Option                                                             ; Setting                               ; Default Value                         ;
+--------------------------------------------------------------------+---------------------------------------+---------------------------------------+
; Device                                                             ; 10M02DCV36C8G                         ;                                       ;
; Minimum Core Junction Temperature                                  ; 0                                     ;                                       ;
; Maximum Core Junction Temperature                                  ; 85                                    ;                                       ;
; Fit Attempts to Skip                                               ; 0                                     ; 0.0                                   ;
; Use smart compilation                                              ; Off                                   ; Off                                   ;
; Enable parallel Assembler and Timing Analyzer during compilation   ; On                                    ; On                                    ;
; Enable compact report table                                        ; Off                                   ; Off                                   ;
; Auto Merge PLLs                                                    ; On                                    ; On                                    ;
; Router Timing Optimization Level                                   ; Normal                                ; Normal                                ;
; Perform Clocking Topology Analysis During Routing                  ; Off                                   ; Off                                   ;
; Placement Effort Multiplier                                        ; 1.0                                   ; 1.0                                   ;
; Router Effort Multiplier                                           ; 1.0                                   ; 1.0                                   ;
; Optimize Hold Timing                                               ; All Paths                             ; All Paths                             ;
; Optimize Multi-Corner Timing                                       ; On                                    ; On                                    ;
; Power Optimization During Fitting                                  ; Normal compilation                    ; Normal compilation                    ;
; SSN Optimization                                                   ; Off                                   ; Off                                   ;
; Optimize Timing                                                    ; Normal compilation                    ; Normal compilation                    ;
; Optimize Timing for ECOs                                           ; Off                                   ; Off                                   ;
; Regenerate Full Fit Report During ECO Compiles                     ; Off                                   ; Off                                   ;
; Optimize IOC Register Placement for Timing                         ; Normal                                ; Normal                                ;
; Final Placement Optimizations                                      ; Automatically                         ; Automatically                         ;
; Fitter Initial Placement Seed                                      ; 1                                     ; 1                                     ;
; Periphery to Core Placement and Routing Optimization               ; Off                                   ; Off                                   ;
; PCI I/O                                                            ; Off                                   ; Off                                   ;
; Weak Pull-Up Resistor                                              ; Off                                   ; Off                                   ;
; Enable Bus-Hold Circuitry                                          ; Off                                   ; Off                                   ;
; Auto Packed Registers                                              ; Auto                                  ; Auto                                  ;
; Auto Delay Chains                                                  ; On                                    ; On                                    ;
; Auto Delay Chains for High Fanout Input Pins                       ; Off                                   ; Off                                   ;
; Allow Single-ended Buffer for Differential-XSTL Input              ; Off                                   ; Off                                   ;
; Treat Bidirectional Pin as Output Pin                              ; Off                                   ; Off                                   ;
; Perform Physical Synthesis for Combinational Logic for Fitting     ; Off                                   ; Off                                   ;
; Perform Physical Synthesis for Combinational Logic for Performance ; Off                                   ; Off                                   ;
; Perform Register Duplication for Performance                       ; Off                                   ; Off                                   ;
; Perform Logic to Memory Mapping for Fitting                        ; Off                                   ; Off                                   ;
; Perform Register Retiming for Performance                          ; Off                                   ; Off                                   ;
; Perform Asynchronous Signal Pipelining                             ; Off                                   ; Off                                   ;
; Fitter Effort                                                      ; Auto Fit                              ; Auto Fit                              ;
; Physical Synthesis Effort Level                                    ; Normal                                ; Normal                                ;
; Logic Cell Insertion - Logic Duplication                           ; Auto                                  ; Auto                                  ;
; Auto Register Duplication                                          ; Auto                                  ; Auto                                  ;
; Auto Global Clock                                                  ; On                                    ; On                                    ;
; Auto Global Register Control Signals                               ; On                                    ; On                                    ;
; Reserve all unused pins                                            ; As input tri-stated with weak pull-up ; As input tri-stated with weak pull-up ;
; Synchronizer Identification                                        ; Auto                                  ; Auto                                  ;
; Enable Beneficial Skew Optimization                                ; On                                    ; On                                    ;
; Optimize Design for Metastability                                  ; On                                    ; On                                    ;
; Force Fitter to Avoid Periphery Placement Warnings                 ; Off                                   ; Off                                   ;
; Enable input tri-state on active configuration pins in user mode   ; Off                                   ; Off                                   ;
+--------------------------------------------------------------------+---------------------------------------+---------------------------------------+


+------------------------------------------+
; Parallel Compilation                     ;
+----------------------------+-------------+
; Processors                 ; Number      ;
+----------------------------+-------------+
; Number detected on machine ; 4           ;
; Maximum allowed            ; 4           ;
;                            ;             ;
; Average used               ; 1.05        ;
; Maximum used               ; 4           ;
;                            ;             ;
; Usage by Processor         ; % Time Used ;
;     Processor 1            ; 100.0%      ;
;     Processors 2-4         ;   1.6%      ;
+----------------------------+-------------+


+--------------------------------------------------------------------------------------------------------------------------------------------------------------------+
; Fitter Netlist Optimizations                                                                                                                                       ;
+----------+-----------------+------------------+---------------------+-----------+----------------+----------------------+------------------+-----------------------+
; Node     ; Action          ; Operation        ; Reason              ; Node Port ; Node Port Name ; Destination Node     ; Destination Port ; Destination Port Name ;
+----------+-----------------+------------------+---------------------+-----------+----------------+----------------------+------------------+-----------------------+
; LED~reg0 ; Duplicated      ; Register Packing ; Timing optimization ; Q         ;                ; LED~reg0_Duplicate_1 ; Q                ;                       ;
; LED~reg0 ; Packed Register ; Register Packing ; Timing optimization ; Q         ;                ; LED~output           ; I                ;                       ;
+----------+-----------------+------------------+---------------------+-----------+----------------+----------------------+------------------+-----------------------+


+--------------------------------------------------------------------------------------------------+
; Incremental Compilation Preservation Summary                                                     ;
+---------------------+--------------------+----------------------------+--------------------------+
; Type                ; Total [A + B]      ; From Design Partitions [A] ; From Rapid Recompile [B] ;
+---------------------+--------------------+----------------------------+--------------------------+
; Placement (by node) ;                    ;                            ;                          ;
;     -- Requested    ; 0.00 % ( 0 / 149 ) ; 0.00 % ( 0 / 149 )         ; 0.00 % ( 0 / 149 )       ;
;     -- Achieved     ; 0.00 % ( 0 / 149 ) ; 0.00 % ( 0 / 149 )         ; 0.00 % ( 0 / 149 )       ;
;                     ;                    ;                            ;                          ;
; Routing (by net)    ;                    ;                            ;                          ;
;     -- Requested    ; 0.00 % ( 0 / 0 )   ; 0.00 % ( 0 / 0 )           ; 0.00 % ( 0 / 0 )         ;
;     -- Achieved     ; 0.00 % ( 0 / 0 )   ; 0.00 % ( 0 / 0 )           ; 0.00 % ( 0 / 0 )         ;
+---------------------+--------------------+----------------------------+--------------------------+


+----------------------------------------------------------------------------------------------------------------------------------------------------------------------------------------+
; Incremental Compilation Partition Settings                                                                                                                                             ;
+--------------------------------+----------------+-------------------+-------------------------+------------------------+------------------------------+--------------------------------+
; Partition Name                 ; Partition Type ; Netlist Type Used ; Preservation Level Used ; Netlist Type Requested ; Preservation Level Requested ; Contents                       ;
+--------------------------------+----------------+-------------------+-------------------------+------------------------+------------------------------+--------------------------------+
; Top                            ; User-created   ; Source File       ; N/A                     ; Source File            ; N/A                          ;                                ;
; hard_block:auto_generated_inst ; Auto-generated ; Source File       ; N/A                     ; Source File            ; N/A                          ; hard_block:auto_generated_inst ;
+--------------------------------+----------------+-------------------+-------------------------+------------------------+------------------------------+--------------------------------+


+------------------------------------------------------------------------------------------------------------------------------------+
; Incremental Compilation Placement Preservation                                                                                     ;
+--------------------------------+-----------------------+-------------------------+-------------------+---------------------+-------+
; Partition Name                 ; Preservation Achieved ; Preservation Level Used ; Netlist Type Used ; Preservation Method ; Notes ;
+--------------------------------+-----------------------+-------------------------+-------------------+---------------------+-------+
; Top                            ; 0.00 % ( 0 / 141 )    ; N/A                     ; Source File       ; N/A                 ;       ;
; hard_block:auto_generated_inst ; 0.00 % ( 0 / 8 )      ; N/A                     ; Source File       ; N/A                 ;       ;
+--------------------------------+-----------------------+-------------------------+-------------------+---------------------+-------+


+--------------+
; Pin-Out File ;
+--------------+
The pin-out file can be found in C:/Mac/Home/Documents/CQ/DIP_FPGA/BlinkLED/FPGA/output_files/FPGA.pin.


+-------------------------------------------------------------------+
; Fitter Resource Usage Summary                                     ;
+---------------------------------------------+---------------------+
; Resource                                    ; Usage               ;
+---------------------------------------------+---------------------+
; Total logic elements                        ; 80 / 2,304 ( 3 % )  ;
;     -- Combinational with no register       ; 30                  ;
;     -- Register only                        ; 1                   ;
;     -- Combinational with a register        ; 49                  ;
;                                             ;                     ;
; Logic element usage by number of LUT inputs ;                     ;
;     -- 4 input functions                    ; 15                  ;
;     -- 3 input functions                    ; 1                   ;
;     -- <=2 input functions                  ; 63                  ;
;     -- Register only                        ; 1                   ;
;                                             ;                     ;
; Logic elements by mode                      ;                     ;
;     -- normal mode                          ; 34                  ;
;     -- arithmetic mode                      ; 45                  ;
;                                             ;                     ;
; Total registers*                            ; 51 / 2,418 ( 2 % )  ;
;     -- Dedicated logic registers            ; 50 / 2,304 ( 2 % )  ;
;     -- I/O registers                        ; 1 / 114 ( < 1 % )   ;
;                                             ;                     ;
; Total LABs:  partially or completely used   ; 11 / 144 ( 8 % )    ;
; Virtual pins                                ; 0                   ;
; I/O pins                                    ; 4 / 27 ( 15 % )     ;
;     -- Clock pins                           ; 0 / 3 ( 0 % )       ;
;     -- Dedicated input pins                 ; 1 / 1 ( 100 % )     ;
;                                             ;                     ;
; M9Ks                                        ; 0 / 12 ( 0 % )      ;
; UFM blocks                                  ; 0 / 1 ( 0 % )       ;
; Total block memory bits                     ; 0 / 110,592 ( 0 % ) ;
; Total block memory implementation bits      ; 0 / 110,592 ( 0 % ) ;
; Embedded Multiplier 9-bit elements          ; 0 / 32 ( 0 % )      ;
; PLLs                                        ; 0 / 1 ( 0 % )       ;
; Global signals                              ; 1                   ;
;     -- Global clocks                        ; 1 / 10 ( 10 % )     ;
; JTAGs                                       ; 0 / 1 ( 0 % )       ;
; CRC blocks                                  ; 0 / 1 ( 0 % )       ;
; Remote update blocks                        ; 0 / 1 ( 0 % )       ;
; Oscillator blocks                           ; 1 / 1 ( 100 % )     ;
; Average interconnect usage (total/H/V)      ; 0.7% / 0.8% / 0.5%  ;
; Peak interconnect usage (total/H/V)         ; 1.3% / 1.7% / 1.1%  ;
; Maximum fan-out                             ; 51                  ;
; Highest non-global fan-out                  ; 34                  ;
; Total fan-out                               ; 350                 ;
; Average fan-out                             ; 2.32                ;
+---------------------------------------------+---------------------+
*  Register count does not include registers inside RAM blocks or DSP blocks.



+--------------------------------------------------------------------------------------------------+
; Fitter Partition Statistics                                                                      ;
+---------------------------------------------+-------------------+--------------------------------+
; Statistic                                   ; Top               ; hard_block:auto_generated_inst ;
+---------------------------------------------+-------------------+--------------------------------+
; Difficulty Clustering Region                ; Low               ; Low                            ;
;                                             ;                   ;                                ;
; Total logic elements                        ; 80 / 2304 ( 3 % ) ; 0 / 2304 ( 0 % )               ;
;     -- Combinational with no register       ; 30                ; 0                              ;
;     -- Register only                        ; 1                 ; 0                              ;
;     -- Combinational with a register        ; 49                ; 0                              ;
;                                             ;                   ;                                ;
; Logic element usage by number of LUT inputs ;                   ;                                ;
;     -- 4 input functions                    ; 15                ; 0                              ;
;     -- 3 input functions                    ; 1                 ; 0                              ;
;     -- <=2 input functions                  ; 63                ; 0                              ;
;     -- Register only                        ; 1                 ; 0                              ;
;                                             ;                   ;                                ;
; Logic elements by mode                      ;                   ;                                ;
;     -- normal mode                          ; 34                ; 0                              ;
;     -- arithmetic mode                      ; 45                ; 0                              ;
;                                             ;                   ;                                ;
; Total registers                             ; 51                ; 0                              ;
;     -- Dedicated logic registers            ; 50 / 2304 ( 2 % ) ; 0 / 2304 ( 0 % )               ;
;     -- I/O registers                        ; 2                 ; 0                              ;
;                                             ;                   ;                                ;
; Total LABs:  partially or completely used   ; 11 / 144 ( 8 % )  ; 0 / 144 ( 0 % )                ;
;                                             ;                   ;                                ;
; Virtual pins                                ; 0                 ; 0                              ;
; I/O pins                                    ; 4                 ; 0                              ;
; Embedded Multiplier 9-bit elements          ; 0 / 32 ( 0 % )    ; 0 / 32 ( 0 % )                 ;
; Total memory bits                           ; 0                 ; 0                              ;
; Total RAM block bits                        ; 0                 ; 0                              ;
; Clock control block                         ; 1 / 12 ( 8 % )    ; 0 / 12 ( 0 % )                 ;
; User Flash Memory                           ; 1 / 1 ( 100 % )   ; 0 / 1 ( 0 % )                  ;
; Double Data Rate I/O output circuitry       ; 1 / 162 ( < 1 % ) ; 0 / 162 ( 0 % )                ;
; Oscillator block                            ; 1 / 1 ( 100 % )   ; 0 / 1 ( 0 % )                  ;
;                                             ;                   ;                                ;
; Connections                                 ;                   ;                                ;
;     -- Input Connections                    ; 1                 ; 0                              ;
;     -- Registered Input Connections         ; 0                 ; 0                              ;
;     -- Output Connections                   ; 1                 ; 0                              ;
;     -- Registered Output Connections        ; 0                 ; 0                              ;
;                                             ;                   ;                                ;
; Internal Connections                        ;                   ;                                ;
;     -- Total Connections                    ; 346               ; 4                              ;
;     -- Registered Connections               ; 133               ; 0                              ;
;                                             ;                   ;                                ;
; External Connections                        ;                   ;                                ;
;     -- Top                                  ; 2                 ; 0                              ;
;     -- hard_block:auto_generated_inst       ; 0                 ; 0                              ;
;                                             ;                   ;                                ;
; Partition Interface                         ;                   ;                                ;
;     -- Input Ports                          ; 1                 ; 0                              ;
;     -- Output Ports                         ; 2                 ; 0                              ;
;     -- Bidir Ports                          ; 1                 ; 0                              ;
;                                             ;                   ;                                ;
; Registered Ports                            ;                   ;                                ;
;     -- Registered Input Ports               ; 0                 ; 0                              ;
;     -- Registered Output Ports              ; 0                 ; 0                              ;
;                                             ;                   ;                                ;
; Port Connectivity                           ;                   ;                                ;
;     -- Input Ports driven by GND            ; 0                 ; 0                              ;
;     -- Output Ports driven by GND           ; 0                 ; 0                              ;
;     -- Input Ports driven by VCC            ; 0                 ; 0                              ;
;     -- Output Ports driven by VCC           ; 0                 ; 0                              ;
;     -- Input Ports with no Source           ; 0                 ; 0                              ;
;     -- Output Ports with no Source          ; 0                 ; 0                              ;
;     -- Input Ports with no Fanout           ; 0                 ; 0                              ;
;     -- Output Ports with no Fanout          ; 0                 ; 0                              ;
+---------------------------------------------+-------------------+--------------------------------+


+-----------------------------------------------------------------------------------------------------------------------------------------------------------------------------------------------------------------------------------------------------------------------------------------+
; Input Pins                                                                                                                                                                                                                                                                              ;
+--------+-------+----------+--------------+--------------+--------------+-----------------------+--------------------+--------+----------------+---------------+-----------------+----------+--------------+--------------+---------------------------+----------------------+-----------+
; Name   ; Pin # ; I/O Bank ; X coordinate ; Y coordinate ; Z coordinate ; Combinational Fan-Out ; Registered Fan-Out ; Global ; Input Register ; Power Up High ; PCI I/O Enabled ; Bus Hold ; Weak Pull Up ; I/O Standard ; Termination Control Block ; Location assigned by ; Slew Rate ;
+--------+-------+----------+--------------+--------------+--------------+-----------------------+--------------------+--------+----------------+---------------+-----------------+----------+--------------+--------------+---------------------------+----------------------+-----------+
; DUMMY1 ; C3    ; 1B       ; 10           ; 13           ; 14           ; 0                     ; 0                  ; no     ; no             ; no            ; yes             ; no       ; Off          ; 2.5 V        ; --                        ; User                 ; 0         ;
+--------+-------+----------+--------------+--------------+--------------+-----------------------+--------------------+--------+----------------+---------------+-----------------+----------+--------------+--------------+---------------------------+----------------------+-----------+


+---------------------------------------------------------------------------------------------------------------------------------------------------------------------------------------------------------------------------------------------------------------------------------------------------------------------------------------------------------------------------------------------------------------------------------------------------------+
; Output Pins                                                                                                                                                                                                                                                                                                                                                                                                                                             ;
+--------+-------+----------+--------------+--------------+--------------+-----------------+------------------------+---------------+-----------+-----------------+------------+---------------+----------+--------------+--------------+------------------+-----------------------------------+---------------------------+----------------------------+-----------------------------+----------------------+----------------------+---------------------+
; Name   ; Pin # ; I/O Bank ; X coordinate ; Y coordinate ; Z coordinate ; Output Register ; Output Enable Register ; Power Up High ; Slew Rate ; PCI I/O Enabled ; Open Drain ; TRI Primitive ; Bus Hold ; Weak Pull Up ; I/O Standard ; Current Strength ; Termination                       ; Termination Control Block ; Output Buffer Pre-emphasis ; Voltage Output Differential ; Location assigned by ; Output Enable Source ; Output Enable Group ;
+--------+-------+----------+--------------+--------------+--------------+-----------------+------------------------+---------------+-----------+-----------------+------------+---------------+----------+--------------+--------------+------------------+-----------------------------------+---------------------------+----------------------------+-----------------------------+----------------------+----------------------+---------------------+
; DUMMY3 ; D2    ; 1B       ; 10           ; 12           ; 21           ; no              ; no                     ; no            ; 2         ; no              ; no         ; no            ; no       ; Off          ; 2.5 V        ; Default          ; Series 50 Ohm without Calibration ; --                        ; no                         ; no                          ; User                 ; -                    ; -                   ;
; LED    ; C1    ; 1B       ; 10           ; 12           ; 14           ; yes             ; no                     ; no            ; 2         ; no              ; no         ; no            ; no       ; Off          ; 2.5 V        ; Default          ; Series 50 Ohm without Calibration ; --                        ; no                         ; no                          ; User                 ; -                    ; -                   ;
+--------+-------+----------+--------------+--------------+--------------+-----------------+------------------------+---------------+-----------+-----------------+------------+---------------+----------+--------------+--------------+------------------+-----------------------------------+---------------------------+----------------------------+-----------------------------+----------------------+----------------------+---------------------+


+----------------------------------------------------------------------------------------------------------------------------------------------------------------------------------------------------------------------------------------------------------------------------------------------------------------------------------------------------------------------------------------------------------------------------------------------------------------------------------+
; Bidir Pins                                                                                                                                                                                                                                                                                                                                                                                                                                                                       ;
+--------+-------+----------+--------------+--------------+--------------+-----------------------+--------------------+--------+----------------+-----------------+------------------------+---------------+-----------+-----------------+------------+----------+--------------+--------------+------------------+-----------------------------------+---------------------------+----------------------------+----------------------+----------------------+---------------------+
; Name   ; Pin # ; I/O Bank ; X coordinate ; Y coordinate ; Z coordinate ; Combinational Fan-Out ; Registered Fan-Out ; Global ; Input Register ; Output Register ; Output Enable Register ; Power Up High ; Slew Rate ; PCI I/O Enabled ; Open Drain ; Bus Hold ; Weak Pull Up ; I/O Standard ; Current Strength ; Output Termination                ; Termination Control Block ; Output Buffer Pre-emphasis ; Location assigned by ; Output Enable Source ; Output Enable Group ;
+--------+-------+----------+--------------+--------------+--------------+-----------------------+--------------------+--------+----------------+-----------------+------------------------+---------------+-----------+-----------------+------------+----------+--------------+--------------+------------------+-----------------------------------+---------------------------+----------------------------+----------------------+----------------------+---------------------+
; DUMMY2 ; D3    ; 1B       ; 10           ; 13           ; 21           ; 0                     ; 0                  ; no     ; no             ; no              ; no                     ; no            ; 2         ; yes             ; yes        ; no       ; Off          ; 2.5 V        ; Default          ; Series 50 Ohm without Calibration ; --                        ; no                         ; User                 ; 0 pF                 ; -                   ;
+--------+-------+----------+--------------+--------------+--------------+-----------------------+--------------------+--------+----------------+-----------------+------------------------+---------------+-----------+-----------------+------------+----------+--------------+--------------+------------------+-----------------------------------+---------------------------+----------------------------+----------------------+----------------------+---------------------+


+----------------------------------------------------------------------------------------------------------------------------------------+
; Dual Purpose and Dedicated Pins                                                                                                        ;
+----------+----------------------------------------------------+--------------------------------+--------------------+------------------+
; Location ; Pin Name                                           ; Reserved As                    ; User Signal Name   ; Pin Type         ;
+----------+----------------------------------------------------+--------------------------------+--------------------+------------------+
; C2       ; JTAGEN, Low_Speed                                  ; Reserved as secondary function ; ~ALTERA_JTAGEN~    ; Dual Purpose Pin ;
; C3       ; DIFFIO_RX_L7n, DIFFOUT_L7n, TMS, Low_Speed         ; Use as regular IO              ; DUMMY1             ; Dual Purpose Pin ;
; D3       ; DIFFIO_RX_L7p, DIFFOUT_L7p, TCK, Low_Speed         ; Use as regular IO              ; DUMMY2             ; Dual Purpose Pin ;
; C1       ; DIFFIO_RX_L8n, DIFFOUT_L8n, TDI, Low_Speed         ; Use as regular IO              ; LED                ; Dual Purpose Pin ;
; D2       ; DIFFIO_RX_L8p, DIFFOUT_L8p, TDO, Low_Speed         ; Use as regular IO              ; DUMMY3             ; Dual Purpose Pin ;
; A4       ; nCONFIG, Low_Speed                                 ; Reserved as secondary function ; ~ALTERA_nCONFIG~   ; Dual Purpose Pin ;
; B2       ; DIFFIO_RX_T11p, DIFFOUT_T11p, nSTATUS, Low_Speed   ; Reserved as secondary function ; ~ALTERA_nSTATUS~   ; Dual Purpose Pin ;
; A2       ; DIFFIO_RX_T11n, DIFFOUT_T11n, CONF_DONE, Low_Speed ; Reserved as secondary function ; ~ALTERA_CONF_DONE~ ; Dual Purpose Pin ;
+----------+----------------------------------------------------+--------------------------------+--------------------+------------------+


+----------------------------------------------------------+
; I/O Bank Usage                                           ;
+----------+----------------+---------------+--------------+
; I/O Bank ; Usage          ; VCCIO Voltage ; VREF Voltage ;
+----------+----------------+---------------+--------------+
; 1A       ; 0 / 0 ( -- )   ; 2.5V          ; --           ;
; 1B       ; 5 / 6 ( 83 % ) ; 2.5V          ; --           ;
; 2        ; 0 / 2 ( 0 % )  ; 2.5V          ; --           ;
; 3        ; 0 / 6 ( 0 % )  ; 2.5V          ; --           ;
; 5        ; 0 / 0 ( -- )   ; 2.5V          ; --           ;
; 6        ; 0 / 6 ( 0 % )  ; 2.5V          ; --           ;
; 8        ; 3 / 7 ( 43 % ) ; 2.5V          ; --           ;
+----------+----------------+---------------+--------------+


+--------------------------------------------------------------------------------------------------------------------------------------------------------------------------------+
; All Package Pins                                                                                                                                                               ;
+----------+------------+--------------+-------------------------------------+--------+-----------------------+---------+------------+-----------------+----------+--------------+
; Location ; Pad Number ; I/O Bank     ; Pin Name/Usage                      ; Dir.   ; I/O Standard          ; Voltage ; I/O Type   ; User Assignment ; Bus Hold ; Weak Pull Up ;
+----------+------------+--------------+-------------------------------------+--------+-----------------------+---------+------------+-----------------+----------+--------------+
; A1       ;            ; --           ; VCCA3                               ; power  ;                       ; 2.5V    ; --         ;                 ; --       ; --           ;
; A2       ; 156        ; 8            ; ~ALTERA_CONF_DONE~ / RESERVED_INPUT ; input  ; 2.5 V Schmitt Trigger ;         ; Column I/O ; N               ; no       ; Off          ;
; A3       ; 152        ; 8            ; RESERVED_INPUT_WITH_WEAK_PULLUP     ;        ;                       ;         ; Column I/O ;                 ; no       ; On           ;
; A4       ; 144        ; 8            ; ~ALTERA_nCONFIG~ / RESERVED_INPUT   ; input  ; 2.5 V Schmitt Trigger ;         ; Column I/O ; N               ; no       ; Off          ;
; A5       ; 136        ; 8            ; RESERVED_INPUT_WITH_WEAK_PULLUP     ;        ;                       ;         ; Column I/O ;                 ; no       ; On           ;
; A6       ;            ; --           ; VCCA2                               ; power  ;                       ; 2.5V    ; --         ;                 ; --       ; --           ;
; B1       ;            ; --           ; VCC                                 ; power  ;                       ; 1.2V    ; --         ;                 ; --       ; --           ;
; B2       ; 154        ; 8            ; ~ALTERA_nSTATUS~ / RESERVED_INPUT   ; input  ; 2.5 V Schmitt Trigger ;         ; Column I/O ; N               ; no       ; Off          ;
; B3       ;            ;              ; GND                                 ; gnd    ;                       ;         ; --         ;                 ; --       ; --           ;
; B4       ; 142        ; 8            ; RESERVED_INPUT_WITH_WEAK_PULLUP     ;        ;                       ;         ; Column I/O ;                 ; no       ; On           ;
; B5       ; 138        ; 8            ; RESERVED_INPUT_WITH_WEAK_PULLUP     ;        ;                       ;         ; Column I/O ;                 ; no       ; On           ;
; B6       ; 128        ; 6            ; RESERVED_INPUT_WITH_WEAK_PULLUP     ;        ;                       ;         ; Row I/O    ;                 ; no       ; On           ;
; C1       ; 16         ; 1B           ; LED                                 ; output ; 2.5 V                 ;         ; Row I/O    ; Y               ; no       ; Off          ;
; C2       ; 10         ; 1B           ; ~ALTERA_JTAGEN~ / RESERVED_INPUT    ; input  ; 2.5 V                 ;         ; Row I/O    ; N               ; no       ; Off          ;
; C3       ; 12         ; 1B           ; DUMMY1                              ; input  ; 2.5 V                 ;         ; Row I/O    ; Y               ; no       ; Off          ;
; C4       ;            ; 1A, 1B, 2, 8 ; VCCIO1_2_8                          ; power  ;                       ; 2.5V    ; --         ;                 ; --       ; --           ;
; C5       ; 126        ; 6            ; RESERVED_INPUT_WITH_WEAK_PULLUP     ;        ;                       ;         ; Row I/O    ;                 ; no       ; On           ;
; C6       ; 104        ; 6            ; RESERVED_INPUT_WITH_WEAK_PULLUP     ;        ;                       ;         ; Row I/O    ;                 ; no       ; On           ;
; D1       ; 28         ; 2            ; RESERVED_INPUT_WITH_WEAK_PULLUP     ;        ;                       ;         ; Row I/O    ;                 ; no       ; On           ;
; D2       ; 18         ; 1B           ; DUMMY3                              ; output ; 2.5 V                 ;         ; Row I/O    ; Y               ; no       ; Off          ;
; D3       ; 14         ; 1B           ; DUMMY2                              ; bidir  ; 2.5 V                 ;         ; Row I/O    ; Y               ; no       ; Off          ;
; D4       ;            ; 3, 5, 6      ; VCCIO3_5_6                          ; power  ;                       ; 2.5V    ; --         ;                 ; --       ; --           ;
; D5       ; 102        ; 6            ; RESERVED_INPUT_WITH_WEAK_PULLUP     ;        ;                       ;         ; Row I/O    ;                 ; no       ; On           ;
; D6       ; 98         ; 6            ; RESERVED_INPUT_WITH_WEAK_PULLUP     ;        ;                       ;         ; Row I/O    ;                 ; no       ; On           ;
; E1       ; 30         ; 2            ; RESERVED_INPUT_WITH_WEAK_PULLUP     ;        ;                       ;         ; Row I/O    ;                 ; no       ; On           ;
; E2       ; 22         ; 1B           ; RESERVED_INPUT_WITH_WEAK_PULLUP     ;        ;                       ;         ; Row I/O    ;                 ; no       ; On           ;
; E3       ; 56         ; 3            ; RESERVED_INPUT_WITH_WEAK_PULLUP     ;        ;                       ;         ; Column I/O ;                 ; no       ; On           ;
; E4       ; 74         ; 3            ; RESERVED_INPUT_WITH_WEAK_PULLUP     ;        ;                       ;         ; Column I/O ;                 ; no       ; On           ;
; E5       ; 76         ; 3            ; RESERVED_INPUT_WITH_WEAK_PULLUP     ;        ;                       ;         ; Column I/O ;                 ; no       ; On           ;
; E6       ; 100        ; 6            ; RESERVED_INPUT_WITH_WEAK_PULLUP     ;        ;                       ;         ; Row I/O    ;                 ; no       ; On           ;
; F1       ;            ;              ; GND                                 ; gnd    ;                       ;         ; --         ;                 ; --       ; --           ;
; F2       ; 44         ; 3            ; RESERVED_INPUT_WITH_WEAK_PULLUP     ;        ;                       ;         ; Column I/O ;                 ; no       ; On           ;
; F3       ; 46         ; 3            ; RESERVED_INPUT_WITH_WEAK_PULLUP     ;        ;                       ;         ; Column I/O ;                 ; no       ; On           ;
; F4       ; 58         ; 3            ; RESERVED_INPUT_WITH_WEAK_PULLUP     ;        ;                       ;         ; Column I/O ;                 ; no       ; On           ;
; F5       ;            ; --           ; VCC                                 ; power  ;                       ; 1.2V    ; --         ;                 ; --       ; --           ;
; F6       ;            ;              ; GND                                 ; gnd    ;                       ;         ; --         ;                 ; --       ; --           ;
+----------+------------+--------------+-------------------------------------+--------+-----------------------+---------+------------+-----------------+----------+--------------+
Note: Pin directions (input, output or bidir) are based on device operating in user mode.


+------------------------------------------+
; I/O Assignment Warnings                  ;
+----------+-------------------------------+
; Pin Name ; Reason                        ;
+----------+-------------------------------+
; LED      ; Incomplete set of assignments ;
; DUMMY1   ; Incomplete set of assignments ;
; DUMMY3   ; Incomplete set of assignments ;
; DUMMY2   ; Incomplete set of assignments ;
+----------+-------------------------------+


+---------------------------------------------------------------------------------------------------------------------------------------------------------------------------------------------------------------------------------------------------------------------------------------------------------------------------------------+
; Fitter Resource Utilization by Entity                                                                                                                                                                                                                                                                                                 ;
+----------------------------------+-------------+---------------------------+---------------+-------------+------+------------+--------------+---------+-----------+------+--------------+--------------+-------------------+------------------+------------+------------------------------------------+----------------+--------------+
; Compilation Hierarchy Node       ; Logic Cells ; Dedicated Logic Registers ; I/O Registers ; Memory Bits ; M9Ks ; UFM Blocks ; DSP Elements ; DSP 9x9 ; DSP 18x18 ; Pins ; Virtual Pins ; LUT-Only LCs ; Register-Only LCs ; LUT/Register LCs ; ADC blocks ; Full Hierarchy Name                      ; Entity Name    ; Library Name ;
+----------------------------------+-------------+---------------------------+---------------+-------------+------+------------+--------------+---------+-----------+------+--------------+--------------+-------------------+------------------+------------+------------------------------------------+----------------+--------------+
; |FPGA                            ; 80 (80)     ; 50 (50)                   ; 1 (1)         ; 0           ; 0    ; 1          ; 0            ; 0       ; 0         ; 4    ; 0            ; 30 (30)      ; 1 (1)             ; 49 (49)          ; 0          ; |FPGA                                    ; FPGA           ; work         ;
;    |OSC:U_OSC|                   ; 0 (0)       ; 0 (0)                     ; 0 (0)         ; 0           ; 0    ; 0          ; 0            ; 0       ; 0         ; 0    ; 0            ; 0 (0)        ; 0 (0)             ; 0 (0)            ; 0          ; |FPGA|OSC:U_OSC                          ; OSC            ; OSC          ;
;       |altera_int_osc:int_osc_0| ; 0 (0)       ; 0 (0)                     ; 0 (0)         ; 0           ; 0    ; 0          ; 0            ; 0       ; 0         ; 0    ; 0            ; 0 (0)        ; 0 (0)             ; 0 (0)            ; 0          ; |FPGA|OSC:U_OSC|altera_int_osc:int_osc_0 ; altera_int_osc ; OSC          ;
+----------------------------------+-------------+---------------------------+---------------+-------------+------+------------+--------------+---------+-----------+------+--------------+--------------+-------------------+------------------+------------+------------------------------------------+----------------+--------------+
Note: For table entries with two numbers listed, the numbers in parentheses indicate the number of resources of the given type used by the specific entity alone. The numbers listed outside of parentheses indicate the total resources of the given type used by the specific entity and all of its sub-entities in the hierarchy.


+---------------------------------------------------------------------------------------------+
; Delay Chain Summary                                                                         ;
+--------+----------+---------------+---------------+-----------------------+----------+------+
; Name   ; Pin Type ; Pad to Core 0 ; Pad to Core 1 ; Pad to Input Register ; TCO      ; TCOE ;
+--------+----------+---------------+---------------+-----------------------+----------+------+
; LED    ; Output   ; --            ; --            ; --                    ; (0) 0 ps ; --   ;
; DUMMY1 ; Input    ; --            ; --            ; --                    ; --       ; --   ;
; DUMMY3 ; Output   ; --            ; --            ; --                    ; --       ; --   ;
; DUMMY2 ; Bidir    ; --            ; --            ; --                    ; --       ; --   ;
+--------+----------+---------------+---------------+-----------------------+----------+------+


+---------------------------------------------------+
; Pad To Core Delay Chain Fanout                    ;
+---------------------+-------------------+---------+
; Source Pin / Fanout ; Pad To Core Index ; Setting ;
+---------------------+-------------------+---------+
; DUMMY1              ;                   ;         ;
; DUMMY2              ;                   ;         ;
+---------------------+-------------------+---------+


+-------------------------------------------------------------------------------------------------------------------------------------------------------------------------------+
; Control Signals                                                                                                                                                               ;
+------------------------------------------------+----------------------+---------+--------------+--------+----------------------+------------------+---------------------------+
; Name                                           ; Location             ; Fan-Out ; Usage        ; Global ; Global Resource Used ; Global Line Name ; Enable Signal Source Name ;
+------------------------------------------------+----------------------+---------+--------------+--------+----------------------+------------------+---------------------------+
; Equal0~4                                       ; LCCOMB_X2_Y5_N6      ; 17      ; Clock enable ; no     ; --                   ; --               ; --                        ;
; OSC:U_OSC|altera_int_osc:int_osc_0|wire_clkout ; OSCILLATOR_X10_Y8_N3 ; 51      ; Clock        ; yes    ; Global Clock         ; GCLK7            ; --                        ;
; por_n                                          ; FF_X2_Y5_N1          ; 34      ; Async. clear ; no     ; --                   ; --               ; --                        ;
+------------------------------------------------+----------------------+---------+--------------+--------+----------------------+------------------+---------------------------+


+----------------------------------------------------------------------------------------------------------------------------------------------------------------------------------------------+
; Global & Other Fast Signals                                                                                                                                                                  ;
+------------------------------------------------+----------------------+---------+--------------------------------------+----------------------+------------------+---------------------------+
; Name                                           ; Location             ; Fan-Out ; Fan-Out Using Intentional Clock Skew ; Global Resource Used ; Global Line Name ; Enable Signal Source Name ;
+------------------------------------------------+----------------------+---------+--------------------------------------+----------------------+------------------+---------------------------+
; OSC:U_OSC|altera_int_osc:int_osc_0|wire_clkout ; OSCILLATOR_X10_Y8_N3 ; 51      ; 0                                    ; Global Clock         ; GCLK7            ; --                        ;
+------------------------------------------------+----------------------+---------+--------------------------------------+----------------------+------------------+---------------------------+


+-----------------------------------------------+
; Routing Usage Summary                         ;
+-----------------------+-----------------------+
; Routing Resource Type ; Usage                 ;
+-----------------------+-----------------------+
; Block interconnects   ; 84 / 9,335 ( < 1 % )  ;
; C16 interconnects     ; 1 / 576 ( < 1 % )     ;
; C4 interconnects      ; 40 / 8,640 ( < 1 % )  ;
; Direct links          ; 12 / 9,335 ( < 1 % )  ;
; Global clocks         ; 1 / 10 ( 10 % )       ;
; Local interconnects   ; 52 / 2,304 ( 2 % )    ;
; R24 interconnects     ; 1 / 672 ( < 1 % )     ;
; R4 interconnects      ; 99 / 11,968 ( < 1 % ) ;
+-----------------------+-----------------------+


+---------------------------------------------------------------------------+
; LAB Logic Elements                                                        ;
+--------------------------------------------+------------------------------+
; Number of Logic Elements  (Average = 7.27) ; Number of LABs  (Total = 11) ;
+--------------------------------------------+------------------------------+
; 1                                          ; 5                            ;
; 2                                          ; 1                            ;
; 3                                          ; 0                            ;
; 4                                          ; 0                            ;
; 5                                          ; 0                            ;
; 6                                          ; 0                            ;
; 7                                          ; 0                            ;
; 8                                          ; 0                            ;
; 9                                          ; 0                            ;
; 10                                         ; 0                            ;
; 11                                         ; 0                            ;
; 12                                         ; 1                            ;
; 13                                         ; 1                            ;
; 14                                         ; 0                            ;
; 15                                         ; 0                            ;
; 16                                         ; 3                            ;
+--------------------------------------------+------------------------------+


+-------------------------------------------------------------------+
; LAB-wide Signals                                                  ;
+------------------------------------+------------------------------+
; LAB-wide Signals  (Average = 1.18) ; Number of LABs  (Total = 11) ;
+------------------------------------+------------------------------+
; 1 Async. clear                     ; 5                            ;
; 1 Clock                            ; 7                            ;
; 1 Clock enable                     ; 1                            ;
+------------------------------------+------------------------------+


+-----------------------------------------------------------------------------+
; LAB Signals Sourced                                                         ;
+----------------------------------------------+------------------------------+
; Number of Signals Sourced  (Average = 11.82) ; Number of LABs  (Total = 11) ;
+----------------------------------------------+------------------------------+
; 0                                            ; 0                            ;
; 1                                            ; 3                            ;
; 2                                            ; 3                            ;
; 3                                            ; 0                            ;
; 4                                            ; 0                            ;
; 5                                            ; 0                            ;
; 6                                            ; 0                            ;
; 7                                            ; 0                            ;
; 8                                            ; 0                            ;
; 9                                            ; 0                            ;
; 10                                           ; 0                            ;
; 11                                           ; 0                            ;
; 12                                           ; 0                            ;
; 13                                           ; 0                            ;
; 14                                           ; 0                            ;
; 15                                           ; 0                            ;
; 16                                           ; 0                            ;
; 17                                           ; 0                            ;
; 18                                           ; 1                            ;
; 19                                           ; 0                            ;
; 20                                           ; 0                            ;
; 21                                           ; 1                            ;
; 22                                           ; 0                            ;
; 23                                           ; 0                            ;
; 24                                           ; 1                            ;
; 25                                           ; 0                            ;
; 26                                           ; 0                            ;
; 27                                           ; 1                            ;
; 28                                           ; 0                            ;
; 29                                           ; 0                            ;
; 30                                           ; 0                            ;
; 31                                           ; 1                            ;
+----------------------------------------------+------------------------------+


+--------------------------------------------------------------------------------+
; LAB Signals Sourced Out                                                        ;
+-------------------------------------------------+------------------------------+
; Number of Signals Sourced Out  (Average = 6.18) ; Number of LABs  (Total = 11) ;
+-------------------------------------------------+------------------------------+
; 0                                               ; 0                            ;
; 1                                               ; 5                            ;
; 2                                               ; 1                            ;
; 3                                               ; 0                            ;
; 4                                               ; 0                            ;
; 5                                               ; 0                            ;
; 6                                               ; 0                            ;
; 7                                               ; 0                            ;
; 8                                               ; 1                            ;
; 9                                               ; 1                            ;
; 10                                              ; 0                            ;
; 11                                              ; 0                            ;
; 12                                              ; 1                            ;
; 13                                              ; 0                            ;
; 14                                              ; 0                            ;
; 15                                              ; 0                            ;
; 16                                              ; 2                            ;
+-------------------------------------------------+------------------------------+


+----------------------------------------------------------------------------+
; LAB Distinct Inputs                                                        ;
+---------------------------------------------+------------------------------+
; Number of Distinct Inputs  (Average = 7.45) ; Number of LABs  (Total = 11) ;
+---------------------------------------------+------------------------------+
; 0                                           ; 0                            ;
; 1                                           ; 0                            ;
; 2                                           ; 0                            ;
; 3                                           ; 1                            ;
; 4                                           ; 4                            ;
; 5                                           ; 0                            ;
; 6                                           ; 0                            ;
; 7                                           ; 0                            ;
; 8                                           ; 2                            ;
; 9                                           ; 0                            ;
; 10                                          ; 1                            ;
; 11                                          ; 0                            ;
; 12                                          ; 0                            ;
; 13                                          ; 0                            ;
; 14                                          ; 0                            ;
; 15                                          ; 0                            ;
; 16                                          ; 1                            ;
; 17                                          ; 0                            ;
; 18                                          ; 0                            ;
; 19                                          ; 0                            ;
; 20                                          ; 0                            ;
; 21                                          ; 1                            ;
+---------------------------------------------+------------------------------+


+------------------------------------------+
; I/O Rules Summary                        ;
+----------------------------------+-------+
; I/O Rules Statistic              ; Total ;
+----------------------------------+-------+
; Total I/O Rules                  ; 30    ;
; Number of I/O Rules Passed       ; 14    ;
; Number of I/O Rules Failed       ; 0     ;
; Number of I/O Rules Unchecked    ; 0     ;
; Number of I/O Rules Inapplicable ; 16    ;
+----------------------------------+-------+


+-----------------------------------------------------------------------------------------------------------------------------------------------------------------------------------------------------------------------------------------------------------------------------------------------------+
; I/O Rules Details                                                                                                                                                                                                                                                                                   ;
+--------------+-----------+-----------------------------------+------------------------------------------------------------------------------------------------------+----------+--------------------------------------------------------------------------+---------------------+-------------------+
; Status       ; ID        ; Category                          ; Rule Description                                                                                     ; Severity ; Information                                                              ; Area                ; Extra Information ;
+--------------+-----------+-----------------------------------+------------------------------------------------------------------------------------------------------+----------+--------------------------------------------------------------------------+---------------------+-------------------+
; Pass         ; IO_000001 ; Capacity Checks                   ; Number of pins in an I/O bank should not exceed the number of locations available.                   ; Critical ; 0 such failures found.                                                   ; I/O                 ;                   ;
; Pass         ; IO_000002 ; Capacity Checks                   ; Number of clocks in an I/O bank should not exceed the number of clocks available.                    ; Critical ; 0 such failures found.                                                   ; I/O                 ;                   ;
; Pass         ; IO_000003 ; Capacity Checks                   ; Number of pins in a Vrefgroup should not exceed the number of locations available.                   ; Critical ; 0 such failures found.                                                   ; I/O                 ;                   ;
; Inapplicable ; IO_000004 ; Voltage Compatibility Checks      ; The I/O bank should support the requested VCCIO.                                                     ; Critical ; No IOBANK_VCCIO assignments found.                                       ; I/O                 ;                   ;
; Inapplicable ; IO_000005 ; Voltage Compatibility Checks      ; The I/O bank should not have competing VREF values.                                                  ; Critical ; No VREF I/O Standard assignments found.                                  ; I/O                 ;                   ;
; Pass         ; IO_000006 ; Voltage Compatibility Checks      ; The I/O bank should not have competing VCCIO values.                                                 ; Critical ; 0 such failures found.                                                   ; I/O                 ;                   ;
; Pass         ; IO_000007 ; Valid Location Checks             ; Checks for unavailable locations.                                                                    ; Critical ; 0 such failures found.                                                   ; I/O                 ;                   ;
; Inapplicable ; IO_000008 ; Valid Location Checks             ; Checks for reserved locations.                                                                       ; Critical ; No reserved LogicLock region found.                                      ; I/O                 ;                   ;
; Pass         ; IO_000009 ; I/O Properties Checks for One I/O ; The location should support the requested I/O standard.                                              ; Critical ; 0 such failures found.                                                   ; I/O                 ;                   ;
; Pass         ; IO_000010 ; I/O Properties Checks for One I/O ; The location should support the requested I/O direction.                                             ; Critical ; 0 such failures found.                                                   ; I/O                 ;                   ;
; Inapplicable ; IO_000011 ; I/O Properties Checks for One I/O ; The location should support the requested Current Strength.                                          ; Critical ; No Current Strength assignments found.                                   ; I/O                 ;                   ;
; Pass         ; IO_000012 ; I/O Properties Checks for One I/O ; The location should support the requested On Chip Termination value.                                 ; Critical ; 0 such failures found.                                                   ; I/O                 ;                   ;
; Inapplicable ; IO_000013 ; I/O Properties Checks for One I/O ; The location should support the requested Bus Hold value.                                            ; Critical ; No Enable Bus-Hold Circuitry assignments found.                          ; I/O                 ;                   ;
; Inapplicable ; IO_000014 ; I/O Properties Checks for One I/O ; The location should support the requested Weak Pull Up value.                                        ; Critical ; No Weak Pull-Up Resistor assignments found.                              ; I/O                 ;                   ;
; Pass         ; IO_000015 ; I/O Properties Checks for One I/O ; The location should support the requested PCI Clamp Diode.                                           ; Critical ; 0 such failures found.                                                   ; I/O                 ;                   ;
; Inapplicable ; IO_000018 ; I/O Properties Checks for One I/O ; The I/O standard should support the requested Current Strength.                                      ; Critical ; No Current Strength assignments found.                                   ; I/O                 ;                   ;
; Pass         ; IO_000019 ; I/O Properties Checks for One I/O ; The I/O standard should support the requested On Chip Termination value.                             ; Critical ; 0 such failures found.                                                   ; I/O                 ;                   ;
; Pass         ; IO_000020 ; I/O Properties Checks for One I/O ; The I/O standard should support the requested PCI Clamp Diode.                                       ; Critical ; 0 such failures found.                                                   ; I/O                 ;                   ;
; Inapplicable ; IO_000021 ; I/O Properties Checks for One I/O ; The I/O standard should support the requested Weak Pull Up value.                                    ; Critical ; No Weak Pull-Up Resistor assignments found.                              ; I/O                 ;                   ;
; Inapplicable ; IO_000022 ; I/O Properties Checks for One I/O ; The I/O standard should support the requested Bus Hold value.                                        ; Critical ; No Enable Bus-Hold Circuitry assignments found.                          ; I/O                 ;                   ;
; Pass         ; IO_000023 ; I/O Properties Checks for One I/O ; The I/O standard should support the Open Drain value.                                                ; Critical ; 0 such failures found.                                                   ; I/O                 ;                   ;
; Pass         ; IO_000024 ; I/O Properties Checks for One I/O ; The I/O direction should support the On Chip Termination value.                                      ; Critical ; 0 such failures found.                                                   ; I/O                 ;                   ;
; Inapplicable ; IO_000026 ; I/O Properties Checks for One I/O ; On Chip Termination and Current Strength should not be used at the same time.                        ; Critical ; No Current Strength assignments found.                                   ; I/O                 ;                   ;
; Inapplicable ; IO_000027 ; I/O Properties Checks for One I/O ; Weak Pull Up and Bus Hold should not be used at the same time.                                       ; Critical ; No Enable Bus-Hold Circuitry or Weak Pull-Up Resistor assignments found. ; I/O                 ;                   ;
; Inapplicable ; IO_000045 ; I/O Properties Checks for One I/O ; The I/O standard should support the requested Slew Rate value.                                       ; Critical ; No Slew Rate assignments found.                                          ; I/O                 ;                   ;
; Inapplicable ; IO_000046 ; I/O Properties Checks for One I/O ; The location should support the requested Slew Rate value.                                           ; Critical ; No Slew Rate assignments found.                                          ; I/O                 ;                   ;
; Inapplicable ; IO_000047 ; I/O Properties Checks for One I/O ; On Chip Termination and Slew Rate should not be used at the same time.                               ; Critical ; No Slew Rate assignments found.                                          ; I/O                 ;                   ;
; Pass         ; IO_000033 ; Electromigration Checks           ; Current density for consecutive I/Os should not exceed 160mA for row I/Os and 160mA for column I/Os. ; Critical ; 0 such failures found.                                                   ; I/O                 ;                   ;
; Inapplicable ; IO_000034 ; SI Related Distance Checks        ; Single-ended outputs should be 5 LAB row(s) away from a differential I/O.                            ; High     ; No Differential I/O Standard assignments found.                          ; I/O                 ;                   ;
; Inapplicable ; IO_000042 ; SI Related SSO Limit Checks       ; No more than 20 outputs are allowed in a VREF group when VREF is being read from.                    ; High     ; No VREF I/O Standard assignments found.                                  ; I/O                 ;                   ;
; ----         ; ----      ; Disclaimer                        ; OCT rules are checked but not reported.                                                              ; None     ; ----                                                                     ; On Chip Termination ;                   ;
+--------------+-----------+-----------------------------------+------------------------------------------------------------------------------------------------------+----------+--------------------------------------------------------------------------+---------------------+-------------------+


+-----------------------------------------------------------------------------------------------------------------------------------------------------------------------------------------------------------------------------------------------------------------------------------------------------------------------------------------------------------------------------------------------------------------------------------------------------------------+
; I/O Rules Matrix                                                                                                                                                                                                                                                                                                                                                                                                                                                ;
+--------------------+-----------+--------------+-----------+--------------+--------------+-----------+-----------+--------------+-----------+-----------+--------------+--------------+--------------+--------------+--------------+--------------+--------------+--------------+--------------+--------------+--------------+--------------+--------------+--------------+--------------+--------------+--------------+-----------+--------------+--------------+
; Pin/Rules          ; IO_000001 ; IO_000002    ; IO_000003 ; IO_000004    ; IO_000005    ; IO_000006 ; IO_000007 ; IO_000008    ; IO_000009 ; IO_000010 ; IO_000011    ; IO_000012    ; IO_000013    ; IO_000014    ; IO_000015    ; IO_000018    ; IO_000019    ; IO_000020    ; IO_000021    ; IO_000022    ; IO_000023    ; IO_000024    ; IO_000026    ; IO_000027    ; IO_000045    ; IO_000046    ; IO_000047    ; IO_000033 ; IO_000034    ; IO_000042    ;
+--------------------+-----------+--------------+-----------+--------------+--------------+-----------+-----------+--------------+-----------+-----------+--------------+--------------+--------------+--------------+--------------+--------------+--------------+--------------+--------------+--------------+--------------+--------------+--------------+--------------+--------------+--------------+--------------+-----------+--------------+--------------+
; Total Pass         ; 4         ; 1            ; 4         ; 0            ; 0            ; 4         ; 4         ; 0            ; 4         ; 4         ; 0            ; 3            ; 0            ; 0            ; 2            ; 0            ; 3            ; 2            ; 0            ; 0            ; 1            ; 3            ; 0            ; 0            ; 0            ; 0            ; 0            ; 4         ; 0            ; 0            ;
; Total Unchecked    ; 0         ; 0            ; 0         ; 0            ; 0            ; 0         ; 0         ; 0            ; 0         ; 0         ; 0            ; 0            ; 0            ; 0            ; 0            ; 0            ; 0            ; 0            ; 0            ; 0            ; 0            ; 0            ; 0            ; 0            ; 0            ; 0            ; 0            ; 0         ; 0            ; 0            ;
; Total Inapplicable ; 0         ; 3            ; 0         ; 4            ; 4            ; 0         ; 0         ; 4            ; 0         ; 0         ; 4            ; 1            ; 4            ; 4            ; 2            ; 4            ; 1            ; 2            ; 4            ; 4            ; 3            ; 1            ; 4            ; 4            ; 4            ; 4            ; 4            ; 0         ; 4            ; 4            ;
; Total Fail         ; 0         ; 0            ; 0         ; 0            ; 0            ; 0         ; 0         ; 0            ; 0         ; 0         ; 0            ; 0            ; 0            ; 0            ; 0            ; 0            ; 0            ; 0            ; 0            ; 0            ; 0            ; 0            ; 0            ; 0            ; 0            ; 0            ; 0            ; 0         ; 0            ; 0            ;
; LED                ; Pass      ; Pass         ; Pass      ; Inapplicable ; Inapplicable ; Pass      ; Pass      ; Inapplicable ; Pass      ; Pass      ; Inapplicable ; Pass         ; Inapplicable ; Inapplicable ; Inapplicable ; Inapplicable ; Pass         ; Inapplicable ; Inapplicable ; Inapplicable ; Inapplicable ; Pass         ; Inapplicable ; Inapplicable ; Inapplicable ; Inapplicable ; Inapplicable ; Pass      ; Inapplicable ; Inapplicable ;
; DUMMY1             ; Pass      ; Inapplicable ; Pass      ; Inapplicable ; Inapplicable ; Pass      ; Pass      ; Inapplicable ; Pass      ; Pass      ; Inapplicable ; Inapplicable ; Inapplicable ; Inapplicable ; Pass         ; Inapplicable ; Inapplicable ; Pass         ; Inapplicable ; Inapplicable ; Inapplicable ; Inapplicable ; Inapplicable ; Inapplicable ; Inapplicable ; Inapplicable ; Inapplicable ; Pass      ; Inapplicable ; Inapplicable ;
; DUMMY3             ; Pass      ; Inapplicable ; Pass      ; Inapplicable ; Inapplicable ; Pass      ; Pass      ; Inapplicable ; Pass      ; Pass      ; Inapplicable ; Pass         ; Inapplicable ; Inapplicable ; Inapplicable ; Inapplicable ; Pass         ; Inapplicable ; Inapplicable ; Inapplicable ; Inapplicable ; Pass         ; Inapplicable ; Inapplicable ; Inapplicable ; Inapplicable ; Inapplicable ; Pass      ; Inapplicable ; Inapplicable ;
; DUMMY2             ; Pass      ; Inapplicable ; Pass      ; Inapplicable ; Inapplicable ; Pass      ; Pass      ; Inapplicable ; Pass      ; Pass      ; Inapplicable ; Pass         ; Inapplicable ; Inapplicable ; Pass         ; Inapplicable ; Pass         ; Pass         ; Inapplicable ; Inapplicable ; Pass         ; Pass         ; Inapplicable ; Inapplicable ; Inapplicable ; Inapplicable ; Inapplicable ; Pass      ; Inapplicable ; Inapplicable ;
+--------------------+-----------+--------------+-----------+--------------+--------------+-----------+-----------+--------------+-----------+-----------+--------------+--------------+--------------+--------------+--------------+--------------+--------------+--------------+--------------+--------------+--------------+--------------+--------------+--------------+--------------+--------------+--------------+-----------+--------------+--------------+


+-------------------------------------------------------------------------------------------+
; Fitter Device Options                                                                     ;
+------------------------------------------------------------------+------------------------+
; Option                                                           ; Setting                ;
+------------------------------------------------------------------+------------------------+
; Enable user-supplied start-up clock (CLKUSR)                     ; Off                    ;
; Enable device-wide reset (DEV_CLRn)                              ; Off                    ;
; Enable device-wide output enable (DEV_OE)                        ; Off                    ;
; Enable INIT_DONE output                                          ; Off                    ;
; Configuration scheme                                             ; Internal Configuration ;
; Enable Error Detection CRC_ERROR pin                             ; Off                    ;
; Enable open drain on CRC_ERROR pin                               ; Off                    ;
; Enable nCONFIG, nSTATUS, and CONF_DONE pins                      ; On                     ;
; Enable JTAG pin sharing                                          ; On                     ;
; Enable nCE pin                                                   ; Off                    ;
; Enable CONFIG_SEL pin                                            ; Off                    ;
; Enable input tri-state on active configuration pins in user mode ; Off                    ;
; Configuration Voltage Level                                      ; Auto                   ;
; Force Configuration Voltage Level                                ; Off                    ;
; Data[0]                                                          ; Unreserved             ;
; Data[1]/ASDO                                                     ; Unreserved             ;
; FLASH_nCE/nCSO                                                   ; Unreserved             ;
; DCLK                                                             ; Unreserved             ;
+------------------------------------------------------------------+------------------------+


+------------------------------------+
; Operating Settings and Conditions  ;
+---------------------------+--------+
; Setting                   ; Value  ;
+---------------------------+--------+
; Nominal Core Voltage      ; 1.20 V ;
; Low Junction Temperature  ; 0 °C   ;
; High Junction Temperature ; 85 °C  ;
+---------------------------+--------+


+-----------------+
; Fitter Messages ;
+-----------------+
Warning (18236): Number of processors has not been specified which may cause overloading on shared machines.  Set the global assignment NUM_PARALLEL_PROCESSORS in your QSF to an appropriate value for best performance.
Info (20030): Parallel compilation is enabled and will use 4 of the 4 processors detected
Info (119006): Selected device 10M02DCV36C8G for design "FPGA"
Info (21077): Low junction temperature is 0 degrees C
Info (21077): High junction temperature is 85 degrees C
Info (171003): Fitter is performing an Auto Fit compilation, which may decrease Fitter effort to reduce compilation time
Warning (292013): Feature LogicLock is only available with a valid subscription license. You can purchase a software subscription to gain full access to this feature.
Info (176444): Device migration not selected. If you intend to use device migration later, you may need to change the pin assignments as they may be incompatible with other devices
Info (169124): Fitter converted 4 user pins into dedicated programming pins
    Info (169125): Pin ~ALTERA_JTAGEN~ is reserved at location C2
    Info (169125): Pin ~ALTERA_nCONFIG~ is reserved at location A4
    Info (169125): Pin ~ALTERA_nSTATUS~ is reserved at location B2
    Info (169125): Pin ~ALTERA_CONF_DONE~ is reserved at location A2
Info (12825): DCLK dual-purpose pin not reserved
Warning (15714): Some pins have incomplete I/O assignments. Refer to the I/O Assignment Warnings report for details
Info (332104): Reading SDC File: 'FPGA.sdc'
Warning (332049): Ignored set_false_path at FPGA.sdc(4): Argument <through> is a collection that is not of pin, net, cell, partition or comb type File: C:/Mac/Home/Documents/CQ/DIP_FPGA/BlinkLED/FPGA/FPGA.sdc Line: 4
    Info (332050): set_false_path -through [get_ports {DUMMY1 DUMMY2 DUMMY3}] File: C:/Mac/Home/Documents/CQ/DIP_FPGA/BlinkLED/FPGA/FPGA.sdc Line: 4
Info (332104): Reading SDC File: 'c:/mac/home/documents/cq/dip_fpga/blinkled/fpga/db/ip/osc/submodules/altera_int_osc.sdc'
Warning (332049): Ignored create_clock at altera_int_osc.sdc(15): Incorrect assignment for clock.  Source node: U_OSC|int_osc_0|oscillator_dut|clkout already has a clock(s) assigned to it.  Use the -add option to assign multiple clocks to this node.  Clock was not created or updated. File: C:/Mac/Home/Documents/CQ/DIP_FPGA/BlinkLED/FPGA/db/ip/OSC/submodules/altera_int_osc.sdc Line: 15
    Info (332050): create_clock -name int_osc_clk -period 8.62 [get_pins -compatibility_mode {*oscillator_dut|clkout}] File: C:/Mac/Home/Documents/CQ/DIP_FPGA/BlinkLED/FPGA/db/ip/OSC/submodules/altera_int_osc.sdc Line: 15
Critical Warning (332168): The following clock transfers have no clock uncertainty assignment. For more accurate results, apply clock uncertainty assignments or use the derive_clock_uncertainty command.
    Critical Warning (332169): From CLK (Rise) to CLK (Rise) (setup and hold)
Info (332129): Detected timing requirements -- optimizing circuit to achieve only the specified requirements
Info (332111): Found 1 clocks
    Info (332111):   Period   Clock Name
    Info (332111): ======== ============
    Info (332111):   18.000          CLK
Info (176353): Automatically promoted node OSC:U_OSC|altera_int_osc:int_osc_0|wire_clkout  File: C:/Mac/Home/Documents/CQ/DIP_FPGA/BlinkLED/FPGA/db/ip/osc/submodules/altera_int_osc.v Line: 65
    Info (176355): Automatically promoted destinations to use location or clock signal Global Clock
Info (176233): Starting register packing
Info (176235): Finished register packing
    Extra Info (176218): Packed 1 registers into blocks of type I/O Output Buffer
    Extra Info (176220): Created 1 register duplicates
Info (171121): Fitter preparation operations ending: elapsed time is 00:00:01
Info (14896): Fitter has disabled Advanced Physical Optimization because it is not supported for the current family.
Info (170189): Fitter placement preparation operations beginning
Info (170190): Fitter placement preparation operations ending: elapsed time is 00:00:00
Info (170191): Fitter placement operations beginning
Info (170137): Fitter placement was successful
Info (170192): Fitter placement operations ending: elapsed time is 00:00:00
Info (170193): Fitter routing operations beginning
Info (170195): Router estimated average interconnect usage is 0% of the available device resources
    Info (170196): Router estimated peak interconnect usage is 1% of the available device resources in the region that extends from location X9_Y0 to location X18_Y8
Info (170199): The Fitter performed an Auto Fit compilation.  Optimizations were skipped to reduce compilation time.
    Info (170201): Optimizations that may affect the design's routability were skipped
    Info (170200): Optimizations that may affect the design's timing were skipped
Info (170194): Fitter routing operations ending: elapsed time is 00:00:00
Info (11888): Total time spent on timing analysis during the Fitter is 0.08 seconds.
Info (334003): Started post-fitting delay annotation
Info (334004): Delay annotation completed successfully
Info (334003): Started post-fitting delay annotation
Info (334004): Delay annotation completed successfully
Info (11218): Fitter post-fit operations ending: elapsed time is 00:00:01
Warning (169064): Following 1 pins have no output enable or a GND or VCC output enable - later changes to this connectivity may change fitting results
    Info (169065): Pin DUMMY2 has a permanently disabled output enable File: C:/Mac/Home/Documents/CQ/DIP_FPGA/BlinkLED/RTL/top.sv Line: 41
Info (144001): Generated suppressed messages file C:/Mac/Home/Documents/CQ/DIP_FPGA/BlinkLED/FPGA/output_files/FPGA.fit.smsg
Info: Quartus Prime Fitter was successful. 0 errors, 8 warnings
    Info: Peak virtual memory: 14013 megabytes
    Info: Processing ended: Sat Dec 27 22:44:41 2025
    Info: Elapsed time: 00:00:04
    Info: Total CPU time (on all processors): 00:00:05


+----------------------------+
; Fitter Suppressed Messages ;
+----------------------------+
The suppressed messages can be found in C:/Mac/Home/Documents/CQ/DIP_FPGA/BlinkLED/FPGA/output_files/FPGA.fit.smsg.


